89137-INFO-2019-08-24 16:07:01,208-######## SQUEEZENET  WALTing Compression

89137-INFO-2019-08-24 16:07:01,208-squeezenet_cifar10_673673
89137-INFO-2019-08-24 16:07:04,307- USING ORDERBY_CALLBACK 
89137-INFO-2019-08-24 16:07:04,402- CONVOLUTION--INITIAL STATE OF PARAMETERS: Block Size: (15, 15) 
 Order : True  Order by metric : mean 
 Leniency: 0.05 
 Conversion Type: Toeplitz 
 Stepping_Ratio = 0.5 
 Absolute: True 
 
89137-INFO-2019-08-24 16:07:06,450-CONVOLUTION --COMPRESSION NUMBER: 1
89137-INFO-2019-08-24 16:07:06,450-****** Compressing 30 *********
89137-INFO-2019-08-24 16:07:06,450-CONVOLUTION-- Using Conversion Type: Toeplitz ,Order By Central Tendency:mean Conversion with ratio: 0.5 
89137-INFO-2019-08-24 16:07:07,119-CONVOLUTION--Number of uncompressed blocks: 171, Number of compressed blocks: 171
89137-INFO-2019-08-24 16:07:07,119-CONVOLUTION--Uncompressed blocks: [(5, 20), (6, 30), (8, 3), (3, 6), (0, 7), (2, 31), (4, 6), (5, 6), (6, 2), (2, 27), (2, 26), (6, 35), (2, 23), (5, 1), (7, 9), (4, 18), (1, 18), (1, 25), (4, 22), (5, 36), (6, 32), (6, 26), (6, 31), (8, 8), (7, 7), (3, 27), (6, 27), (5, 18), (6, 16), (6, 36), (7, 35), (7, 6), (0, 30), (4, 4), (0, 5), (7, 29), (4, 10), (6, 1), (4, 16), (5, 16), (0, 11), (7, 33), (0, 26), (3, 11), (6, 17), (1, 3), (2, 10), (0, 12), (4, 5), (7, 14)], Compressed blocks: [(2, 15), (7, 30), (6, 24), (8, 23), (0, 1), (0, 17), (2, 14), (8, 4), (7, 24), (3, 26), (5, 31), (1, 1), (0, 18), (1, 0), (2, 2), (1, 23), (2, 28), (1, 37), (1, 24), (5, 15), (7, 17), (1, 22), (2, 18), (2, 5), (7, 21), (7, 2), (0, 32), (6, 4), (2, 3), (8, 26), (2, 12), (0, 10), (8, 14), (7, 4), (6, 37), (1, 11), (1, 8), (2, 13), (6, 19), (8, 36), (5, 17), (5, 24), (1, 5), (1, 31), (7, 3), (0, 15), (0, 13), (1, 32), (7, 20), (7, 25)]
89137-INFO-2019-08-24 16:07:07,119- Compressions Number for ONLY the layer 30: New Memory: 0.3117713928222656, Original Memory: 0.6328125, Ratio Original/new: 2.0297324083250743
89137-INFO-2019-08-24 16:07:07,119-****** Compressing 42 *********
89137-INFO-2019-08-24 16:07:07,120-CONVOLUTION-- Using Conversion Type: Toeplitz ,Order By Central Tendency:mean Conversion with ratio: 0.5 
89137-INFO-2019-08-24 16:07:08,346-CONVOLUTION--Number of uncompressed blocks: 306, Number of compressed blocks: 306
89137-INFO-2019-08-24 16:07:08,347-CONVOLUTION--Uncompressed blocks: [(1, 38), (2, 44), (5, 37), (3, 38), (6, 3), (3, 16), (0, 26), (0, 15), (2, 48), (9, 24), (5, 2), (4, 42), (10, 22), (11, 19), (8, 26), (8, 42), (1, 22), (7, 32), (9, 6), (2, 21), (2, 10), (2, 33), (4, 44), (11, 13), (3, 30), (7, 45), (4, 5), (5, 36), (2, 22), (8, 11), (9, 17), (6, 38), (2, 49), (0, 4), (11, 17), (10, 40), (6, 48), (11, 35), (3, 22), (1, 49), (11, 48), (5, 25), (11, 38), (9, 23), (9, 35), (3, 9), (9, 29), (4, 3), (8, 29), (3, 48)], Compressed blocks: [(0, 46), (11, 21), (3, 15), (9, 40), (3, 0), (10, 16), (3, 40), (11, 10), (1, 21), (10, 29), (8, 16), (1, 28), (11, 42), (0, 1), (10, 44), (11, 24), (0, 38), (2, 37), (10, 26), (11, 11), (11, 22), (11, 44), (8, 23), (1, 26), (8, 30), (0, 25), (0, 21), (11, 14), (9, 3), (9, 19), (1, 31), (2, 20), (2, 30), (8, 33), (10, 45), (4, 11), (9, 16), (9, 28), (0, 18), (9, 39), (6, 42), (9, 44), (0, 7), (11, 41), (9, 13), (9, 14), (1, 4), (9, 50), (11, 29), (8, 45)]
89137-INFO-2019-08-24 16:07:08,347- Compressions Number for ONLY the layer 42: New Memory: 0.55426025390625, Original Memory: 1.125, Ratio Original/new: 2.0297324083250743
89137-INFO-2019-08-24 16:07:08,347-****** Compressing 48 *********
89137-INFO-2019-08-24 16:07:08,347-CONVOLUTION-- Using Conversion Type: Toeplitz ,Order By Central Tendency:mean Conversion with ratio: 0.5 
89137-INFO-2019-08-24 16:07:09,758-CONVOLUTION--Number of uncompressed blocks: 306, Number of compressed blocks: 306
89137-INFO-2019-08-24 16:07:09,759-CONVOLUTION--Uncompressed blocks: [(9, 49), (10, 6), (4, 10), (11, 25), (3, 11), (11, 0), (2, 24), (5, 36), (8, 47), (0, 19), (11, 2), (11, 27), (9, 23), (3, 33), (10, 42), (0, 28), (11, 48), (6, 35), (10, 5), (1, 31), (1, 34), (4, 38), (3, 38), (4, 6), (2, 46), (7, 24), (9, 27), (5, 33), (10, 36), (0, 14), (6, 33), (0, 4), (4, 16), (0, 1), (10, 27), (9, 44), (1, 12), (8, 50), (4, 0), (0, 21), (2, 50), (11, 36), (4, 25), (2, 49), (4, 5), (1, 33), (11, 42), (3, 42), (11, 13), (2, 21)], Compressed blocks: [(2, 29), (8, 25), (10, 48), (3, 8), (8, 41), (2, 40), (1, 46), (1, 36), (1, 10), (0, 10), (0, 2), (10, 16), (10, 39), (9, 21), (1, 14), (11, 4), (10, 41), (3, 1), (3, 16), (2, 10), (10, 0), (4, 24), (9, 42), (0, 27), (3, 36), (0, 50), (2, 18), (0, 26), (0, 49), (10, 18), (8, 18), (1, 1), (1, 30), (10, 50), (1, 50), (11, 45), (1, 26), (11, 6), (1, 32), (0, 12), (3, 17), (0, 45), (11, 19), (10, 7), (2, 33), (9, 2), (10, 19), (11, 12), (9, 6), (0, 40)]
89137-INFO-2019-08-24 16:07:09,759- Compressions Number for ONLY the layer 48: New Memory: 0.55426025390625, Original Memory: 1.125, Ratio Original/new: 2.0297324083250743
89137-INFO-2019-08-24 16:07:09,759-Total Compression inclusive of all Layers that you have selected
89137-INFO-2019-08-24 16:07:09,759-Total new space: 1.4202919006347656, Total old space 2.8828125, Total Ratio: 2.0297324083250743
89137-INFO-2019-08-24 16:07:11,552-CONVOLUTION--Loss: 1.8207545154571534,Accuracy= 0.37709999084472656
89137-INFO-2019-08-24 16:07:11,552-CONVOLUTION --COMPRESSION NUMBER: 2
89137-INFO-2019-08-24 16:07:11,552-****** Compressing 30 *********
89137-INFO-2019-08-24 16:07:11,552-CONVOLUTION-- Using Conversion Type: Toeplitz ,Order By Central Tendency:mean Conversion with ratio: 0.5 
89137-INFO-2019-08-24 16:07:11,927-CONVOLUTION--Number of uncompressed blocks: 85, Number of compressed blocks: 257
89137-INFO-2019-08-24 16:07:11,927-CONVOLUTION--Uncompressed blocks: [(3, 33), (1, 10), (0, 23), (6, 12), (1, 14), (7, 23), (3, 5), (3, 35), (6, 9), (6, 0), (0, 37), (4, 3), (1, 29), (6, 25), (4, 24), (1, 19), (7, 22), (6, 28), (2, 34), (4, 28), (5, 12), (8, 37), (4, 17), (4, 31), (3, 24), (1, 27), (5, 26), (8, 28), (3, 31), (0, 34), (4, 0), (8, 33), (5, 3), (5, 30), (5, 22), (6, 21), (4, 13), (6, 7), (6, 8), (3, 16), (3, 23), (3, 22), (4, 32), (7, 36), (4, 12), (1, 26), (4, 37), (7, 15), (5, 33), (4, 33)], Compressed blocks: [(2, 15), (7, 30), (6, 24), (8, 23), (0, 1), (0, 17), (2, 14), (8, 4), (7, 24), (3, 26), (5, 31), (1, 1), (0, 18), (1, 0), (2, 2), (1, 23), (2, 28), (1, 37), (1, 24), (5, 15), (7, 17), (1, 22), (2, 18), (2, 5), (7, 21), (7, 2), (0, 32), (6, 4), (2, 3), (8, 26), (2, 12), (0, 10), (8, 14), (7, 4), (6, 37), (1, 11), (1, 8), (2, 13), (6, 19), (8, 36), (5, 17), (5, 24), (1, 5), (1, 31), (7, 3), (0, 15), (0, 13), (1, 32), (7, 20), (7, 25)]
89137-INFO-2019-08-24 16:07:11,927- Compressions Number for ONLY the layer 30: New Memory: 0.3117713928222656, Original Memory: 0.6328125, Ratio Original/new: 2.0297324083250743
89137-INFO-2019-08-24 16:07:11,928-****** Compressing 42 *********
89137-INFO-2019-08-24 16:07:11,928-CONVOLUTION-- Using Conversion Type: Toeplitz ,Order By Central Tendency:mean Conversion with ratio: 0.5 
89137-INFO-2019-08-24 16:07:12,608-CONVOLUTION--Number of uncompressed blocks: 153, Number of compressed blocks: 459
89137-INFO-2019-08-24 16:07:12,608-CONVOLUTION--Uncompressed blocks: [(4, 26), (2, 40), (9, 30), (6, 20), (8, 22), (3, 19), (7, 11), (6, 27), (2, 27), (6, 49), (2, 25), (1, 16), (10, 0), (4, 27), (7, 35), (6, 46), (0, 0), (4, 48), (8, 21), (7, 21), (7, 36), (5, 42), (9, 7), (4, 33), (7, 41), (6, 13), (10, 19), (6, 23), (8, 31), (11, 26), (0, 37), (4, 28), (4, 29), (5, 20), (6, 43), (1, 43), (4, 14), (0, 27), (5, 3), (5, 13), (5, 21), (5, 4), (7, 2), (7, 47), (11, 37), (3, 42), (3, 8), (6, 34), (5, 15), (2, 26)], Compressed blocks: [(0, 46), (11, 21), (3, 15), (9, 40), (3, 0), (10, 16), (3, 40), (11, 10), (1, 21), (10, 29), (8, 16), (1, 28), (11, 42), (0, 1), (10, 44), (11, 24), (0, 38), (2, 37), (10, 26), (11, 11), (11, 22), (11, 44), (8, 23), (1, 26), (8, 30), (0, 25), (0, 21), (11, 14), (9, 3), (9, 19), (1, 31), (2, 20), (2, 30), (8, 33), (10, 45), (4, 11), (9, 16), (9, 28), (0, 18), (9, 39), (6, 42), (9, 44), (0, 7), (11, 41), (9, 13), (9, 14), (1, 4), (9, 50), (11, 29), (8, 45)]
89137-INFO-2019-08-24 16:07:12,608- Compressions Number for ONLY the layer 42: New Memory: 0.55426025390625, Original Memory: 1.125, Ratio Original/new: 2.0297324083250743
89137-INFO-2019-08-24 16:07:12,608-****** Compressing 48 *********
89137-INFO-2019-08-24 16:07:12,608-CONVOLUTION-- Using Conversion Type: Toeplitz ,Order By Central Tendency:mean Conversion with ratio: 0.5 
89137-INFO-2019-08-24 16:07:13,290-CONVOLUTION--Number of uncompressed blocks: 153, Number of compressed blocks: 459
89137-INFO-2019-08-24 16:07:13,290-CONVOLUTION--Uncompressed blocks: [(7, 41), (7, 4), (1, 3), (1, 37), (7, 18), (4, 30), (6, 16), (2, 4), (0, 43), (4, 22), (7, 12), (8, 9), (3, 35), (6, 28), (0, 17), (5, 34), (7, 5), (5, 7), (5, 20), (5, 12), (4, 47), (4, 31), (7, 38), (1, 38), (0, 47), (6, 43), (5, 46), (6, 20), (9, 45), (2, 48), (4, 39), (6, 2), (7, 15), (7, 6), (5, 2), (6, 15), (7, 20), (6, 14), (7, 44), (4, 43), (7, 40), (4, 40), (7, 13), (4, 15), (4, 11), (11, 23), (8, 48), (6, 44), (7, 46), (4, 44)], Compressed blocks: [(2, 29), (8, 25), (10, 48), (3, 8), (8, 41), (2, 40), (1, 46), (1, 36), (1, 10), (0, 10), (0, 2), (10, 16), (10, 39), (9, 21), (1, 14), (11, 4), (10, 41), (3, 1), (3, 16), (2, 10), (10, 0), (4, 24), (9, 42), (0, 27), (3, 36), (0, 50), (2, 18), (0, 26), (0, 49), (10, 18), (8, 18), (1, 1), (1, 30), (10, 50), (1, 50), (11, 45), (1, 26), (11, 6), (1, 32), (0, 12), (3, 17), (0, 45), (11, 19), (10, 7), (2, 33), (9, 2), (10, 19), (11, 12), (9, 6), (0, 40)]
89137-INFO-2019-08-24 16:07:13,290- Compressions Number for ONLY the layer 48: New Memory: 0.55426025390625, Original Memory: 1.125, Ratio Original/new: 2.0297324083250743
89137-INFO-2019-08-24 16:07:13,291-Total Compression inclusive of all Layers that you have selected
89137-INFO-2019-08-24 16:07:13,291-Total new space: 1.4202919006347656, Total old space 2.8828125, Total Ratio: 2.0297324083250743
89137-INFO-2019-08-24 16:07:14,954-CONVOLUTION--Loss: 1.8607564052581786,Accuracy= 0.3756999969482422
89137-INFO-2019-08-24 16:07:14,954-CONVOLUTION --COMPRESSION NUMBER: 3
89137-INFO-2019-08-24 16:07:14,954-****** Compressing 30 *********
89137-INFO-2019-08-24 16:07:14,954-CONVOLUTION-- Using Conversion Type: Toeplitz ,Order By Central Tendency:mean Conversion with ratio: 0.5 
89137-INFO-2019-08-24 16:07:15,147-CONVOLUTION--Number of uncompressed blocks: 42, Number of compressed blocks: 300
89137-INFO-2019-08-24 16:07:15,147-CONVOLUTION--Uncompressed blocks: [(7, 36), (4, 12), (1, 26), (4, 37), (7, 15), (5, 33), (4, 33), (3, 19), (3, 8), (4, 21), (3, 4), (4, 23), (1, 4), (5, 23), (4, 9), (5, 9), (5, 13), (5, 5), (5, 37), (5, 21), (4, 29), (3, 3), (5, 29), (5, 14), (4, 34), (5, 2), (3, 28), (3, 25), (3, 12), (4, 25), (4, 35), (3, 30), (4, 8), (5, 28), (4, 7), (4, 30), (3, 17), (3, 15), (3, 14), (4, 14), (3, 36), (4, 36)], Compressed blocks: [(2, 15), (7, 30), (6, 24), (8, 23), (0, 1), (0, 17), (2, 14), (8, 4), (7, 24), (3, 26), (5, 31), (1, 1), (0, 18), (1, 0), (2, 2), (1, 23), (2, 28), (1, 37), (1, 24), (5, 15), (7, 17), (1, 22), (2, 18), (2, 5), (7, 21), (7, 2), (0, 32), (6, 4), (2, 3), (8, 26), (2, 12), (0, 10), (8, 14), (7, 4), (6, 37), (1, 11), (1, 8), (2, 13), (6, 19), (8, 36), (5, 17), (5, 24), (1, 5), (1, 31), (7, 3), (0, 15), (0, 13), (1, 32), (7, 20), (7, 25)]
89137-INFO-2019-08-24 16:07:15,147- Compressions Number for ONLY the layer 30: New Memory: 0.3117713928222656, Original Memory: 0.6328125, Ratio Original/new: 2.0297324083250743
89137-INFO-2019-08-24 16:07:15,147-****** Compressing 42 *********
89137-INFO-2019-08-24 16:07:15,147-CONVOLUTION-- Using Conversion Type: Toeplitz ,Order By Central Tendency:mean Conversion with ratio: 0.5 
89137-INFO-2019-08-24 16:07:15,491-CONVOLUTION--Number of uncompressed blocks: 76, Number of compressed blocks: 536
89137-INFO-2019-08-24 16:07:15,491-CONVOLUTION--Uncompressed blocks: [(7, 40), (9, 48), (5, 10), (2, 38), (10, 28), (4, 46), (6, 8), (1, 0), (3, 23), (6, 24), (6, 18), (9, 25), (6, 47), (0, 45), (6, 21), (9, 21), (7, 10), (7, 14), (9, 45), (4, 24), (5, 48), (7, 12), (6, 44), (8, 44), (7, 8), (7, 31), (3, 37), (5, 11), (6, 31), (6, 5), (6, 9), (6, 39), (7, 50), (7, 46), (8, 41), (7, 44), (7, 33), (5, 23), (7, 39), (5, 29), (2, 18), (0, 40), (4, 18), (5, 19), (6, 35), (6, 11), (4, 22), (4, 31), (5, 0), (6, 16)], Compressed blocks: [(0, 46), (11, 21), (3, 15), (9, 40), (3, 0), (10, 16), (3, 40), (11, 10), (1, 21), (10, 29), (8, 16), (1, 28), (11, 42), (0, 1), (10, 44), (11, 24), (0, 38), (2, 37), (10, 26), (11, 11), (11, 22), (11, 44), (8, 23), (1, 26), (8, 30), (0, 25), (0, 21), (11, 14), (9, 3), (9, 19), (1, 31), (2, 20), (2, 30), (8, 33), (10, 45), (4, 11), (9, 16), (9, 28), (0, 18), (9, 39), (6, 42), (9, 44), (0, 7), (11, 41), (9, 13), (9, 14), (1, 4), (9, 50), (11, 29), (8, 45)]
89137-INFO-2019-08-24 16:07:15,492- Compressions Number for ONLY the layer 42: New Memory: 0.55426025390625, Original Memory: 1.125, Ratio Original/new: 2.0297324083250743
89137-INFO-2019-08-24 16:07:15,492-****** Compressing 48 *********
89137-INFO-2019-08-24 16:07:15,492-CONVOLUTION-- Using Conversion Type: Toeplitz ,Order By Central Tendency:mean Conversion with ratio: 0.5 
89137-INFO-2019-08-24 16:07:15,828-CONVOLUTION--Number of uncompressed blocks: 76, Number of compressed blocks: 536
89137-INFO-2019-08-24 16:07:15,829-CONVOLUTION--Uncompressed blocks: [(5, 41), (6, 19), (8, 42), (7, 10), (2, 7), (5, 27), (6, 47), (4, 3), (8, 31), (6, 3), (6, 25), (5, 43), (8, 27), (6, 46), (5, 23), (11, 16), (3, 29), (6, 7), (6, 42), (7, 19), (8, 39), (6, 12), (6, 49), (5, 42), (5, 3), (7, 47), (7, 50), (7, 7), (7, 25), (7, 45), (6, 5), (7, 35), (7, 36), (7, 9), (8, 26), (8, 22), (6, 6), (6, 24), (6, 32), (6, 8), (5, 24), (5, 49), (6, 48), (6, 40), (4, 21), (5, 13), (5, 32), (6, 22), (6, 23), (7, 21)], Compressed blocks: [(2, 29), (8, 25), (10, 48), (3, 8), (8, 41), (2, 40), (1, 46), (1, 36), (1, 10), (0, 10), (0, 2), (10, 16), (10, 39), (9, 21), (1, 14), (11, 4), (10, 41), (3, 1), (3, 16), (2, 10), (10, 0), (4, 24), (9, 42), (0, 27), (3, 36), (0, 50), (2, 18), (0, 26), (0, 49), (10, 18), (8, 18), (1, 1), (1, 30), (10, 50), (1, 50), (11, 45), (1, 26), (11, 6), (1, 32), (0, 12), (3, 17), (0, 45), (11, 19), (10, 7), (2, 33), (9, 2), (10, 19), (11, 12), (9, 6), (0, 40)]
89137-INFO-2019-08-24 16:07:15,829- Compressions Number for ONLY the layer 48: New Memory: 0.55426025390625, Original Memory: 1.125, Ratio Original/new: 2.0297324083250743
89137-INFO-2019-08-24 16:07:15,829-Total Compression inclusive of all Layers that you have selected
89137-INFO-2019-08-24 16:07:15,829-Total new space: 1.4202919006347656, Total old space 2.8828125, Total Ratio: 2.0297324083250743
89137-INFO-2019-08-24 16:07:17,441-CONVOLUTION--Loss: 1.9358946739196778,Accuracy= 0.36910000443458557
89137-INFO-2019-08-24 16:07:17,441-CONVOLUTION --COMPRESSION NUMBER: 4
89137-INFO-2019-08-24 16:07:17,441-****** Compressing 30 *********
89137-INFO-2019-08-24 16:07:17,441-CONVOLUTION-- Using Conversion Type: Toeplitz ,Order By Central Tendency:mean Conversion with ratio: 0.5 
89137-INFO-2019-08-24 16:07:17,537-CONVOLUTION--Number of uncompressed blocks: 21, Number of compressed blocks: 321
89137-INFO-2019-08-24 16:07:17,538-CONVOLUTION--Uncompressed blocks: [(3, 3), (5, 29), (5, 14), (4, 34), (5, 2), (3, 28), (3, 25), (3, 12), (4, 25), (4, 35), (3, 30), (4, 8), (5, 28), (4, 7), (4, 30), (3, 17), (3, 15), (3, 14), (4, 14), (3, 36), (4, 36)], Compressed blocks: [(2, 15), (7, 30), (6, 24), (8, 23), (0, 1), (0, 17), (2, 14), (8, 4), (7, 24), (3, 26), (5, 31), (1, 1), (0, 18), (1, 0), (2, 2), (1, 23), (2, 28), (1, 37), (1, 24), (5, 15), (7, 17), (1, 22), (2, 18), (2, 5), (7, 21), (7, 2), (0, 32), (6, 4), (2, 3), (8, 26), (2, 12), (0, 10), (8, 14), (7, 4), (6, 37), (1, 11), (1, 8), (2, 13), (6, 19), (8, 36), (5, 17), (5, 24), (1, 5), (1, 31), (7, 3), (0, 15), (0, 13), (1, 32), (7, 20), (7, 25)]
89137-INFO-2019-08-24 16:07:17,538- Compressions Number for ONLY the layer 30: New Memory: 0.3117713928222656, Original Memory: 0.6328125, Ratio Original/new: 2.0297324083250743
89137-INFO-2019-08-24 16:07:17,538-****** Compressing 42 *********
89137-INFO-2019-08-24 16:07:17,538-CONVOLUTION-- Using Conversion Type: Toeplitz ,Order By Central Tendency:mean Conversion with ratio: 0.5 
89137-INFO-2019-08-24 16:07:17,712-CONVOLUTION--Number of uncompressed blocks: 38, Number of compressed blocks: 574
89137-INFO-2019-08-24 16:07:17,713-CONVOLUTION--Uncompressed blocks: [(7, 39), (5, 29), (2, 18), (0, 40), (4, 18), (5, 19), (6, 35), (6, 11), (4, 22), (4, 31), (5, 0), (6, 16), (6, 7), (6, 40), (6, 12), (5, 32), (5, 49), (4, 10), (7, 23), (5, 39), (5, 35), (7, 22), (7, 38), (7, 29), (6, 29), (7, 24), (5, 24), (5, 7), (7, 13), (7, 43), (8, 12), (7, 34), (5, 47), (5, 44), (5, 27), (5, 41), (5, 31), (7, 7)], Compressed blocks: [(0, 46), (11, 21), (3, 15), (9, 40), (3, 0), (10, 16), (3, 40), (11, 10), (1, 21), (10, 29), (8, 16), (1, 28), (11, 42), (0, 1), (10, 44), (11, 24), (0, 38), (2, 37), (10, 26), (11, 11), (11, 22), (11, 44), (8, 23), (1, 26), (8, 30), (0, 25), (0, 21), (11, 14), (9, 3), (9, 19), (1, 31), (2, 20), (2, 30), (8, 33), (10, 45), (4, 11), (9, 16), (9, 28), (0, 18), (9, 39), (6, 42), (9, 44), (0, 7), (11, 41), (9, 13), (9, 14), (1, 4), (9, 50), (11, 29), (8, 45)]
89137-INFO-2019-08-24 16:07:17,713- Compressions Number for ONLY the layer 42: New Memory: 0.55426025390625, Original Memory: 1.125, Ratio Original/new: 2.0297324083250743
89137-INFO-2019-08-24 16:07:17,713-****** Compressing 48 *********
89137-INFO-2019-08-24 16:07:17,713-CONVOLUTION-- Using Conversion Type: Toeplitz ,Order By Central Tendency:mean Conversion with ratio: 0.5 
89137-INFO-2019-08-24 16:07:17,881-CONVOLUTION--Number of uncompressed blocks: 38, Number of compressed blocks: 574
89137-INFO-2019-08-24 16:07:17,882-CONVOLUTION--Uncompressed blocks: [(6, 32), (6, 8), (5, 24), (5, 49), (6, 48), (6, 40), (4, 21), (5, 13), (5, 32), (6, 22), (6, 23), (7, 21), (6, 17), (7, 48), (7, 3), (5, 39), (5, 9), (6, 50), (7, 39), (6, 26), (6, 21), (5, 26), (7, 31), (7, 1), (5, 21), (5, 8), (4, 17), (7, 43), (5, 22), (5, 31), (6, 41), (6, 13), (5, 17), (7, 27), (6, 31), (7, 26), (6, 27), (7, 17)], Compressed blocks: [(2, 29), (8, 25), (10, 48), (3, 8), (8, 41), (2, 40), (1, 46), (1, 36), (1, 10), (0, 10), (0, 2), (10, 16), (10, 39), (9, 21), (1, 14), (11, 4), (10, 41), (3, 1), (3, 16), (2, 10), (10, 0), (4, 24), (9, 42), (0, 27), (3, 36), (0, 50), (2, 18), (0, 26), (0, 49), (10, 18), (8, 18), (1, 1), (1, 30), (10, 50), (1, 50), (11, 45), (1, 26), (11, 6), (1, 32), (0, 12), (3, 17), (0, 45), (11, 19), (10, 7), (2, 33), (9, 2), (10, 19), (11, 12), (9, 6), (0, 40)]
89137-INFO-2019-08-24 16:07:17,882- Compressions Number for ONLY the layer 48: New Memory: 0.55426025390625, Original Memory: 1.125, Ratio Original/new: 2.0297324083250743
89137-INFO-2019-08-24 16:07:17,882-Total Compression inclusive of all Layers that you have selected
89137-INFO-2019-08-24 16:07:17,882-Total new space: 1.4202919006347656, Total old space 2.8828125, Total Ratio: 2.0297324083250743
89137-INFO-2019-08-24 16:07:19,526-CONVOLUTION--Loss: 1.9880983409881592,Accuracy= 0.36390000581741333
89137-INFO-2019-08-24 16:07:19,527-CONVOLUTION --COMPRESSION NUMBER: 5
89137-INFO-2019-08-24 16:07:19,527-****** Compressing 30 *********
89137-INFO-2019-08-24 16:07:19,527-CONVOLUTION-- Using Conversion Type: Toeplitz ,Order By Central Tendency:mean Conversion with ratio: 0.5 
89137-INFO-2019-08-24 16:07:19,581-CONVOLUTION--Number of uncompressed blocks: 10, Number of compressed blocks: 332
89137-INFO-2019-08-24 16:07:19,581-CONVOLUTION--Uncompressed blocks: [(4, 8), (5, 28), (4, 7), (4, 30), (3, 17), (3, 15), (3, 14), (4, 14), (3, 36), (4, 36)], Compressed blocks: [(2, 15), (7, 30), (6, 24), (8, 23), (0, 1), (0, 17), (2, 14), (8, 4), (7, 24), (3, 26), (5, 31), (1, 1), (0, 18), (1, 0), (2, 2), (1, 23), (2, 28), (1, 37), (1, 24), (5, 15), (7, 17), (1, 22), (2, 18), (2, 5), (7, 21), (7, 2), (0, 32), (6, 4), (2, 3), (8, 26), (2, 12), (0, 10), (8, 14), (7, 4), (6, 37), (1, 11), (1, 8), (2, 13), (6, 19), (8, 36), (5, 17), (5, 24), (1, 5), (1, 31), (7, 3), (0, 15), (0, 13), (1, 32), (7, 20), (7, 25)]
89137-INFO-2019-08-24 16:07:19,581- Compressions Number for ONLY the layer 30: New Memory: 0.3117713928222656, Original Memory: 0.6328125, Ratio Original/new: 2.0297324083250743
89137-INFO-2019-08-24 16:07:19,582-****** Compressing 42 *********
89137-INFO-2019-08-24 16:07:19,582-CONVOLUTION-- Using Conversion Type: Toeplitz ,Order By Central Tendency:mean Conversion with ratio: 0.5 
89137-INFO-2019-08-24 16:07:19,680-CONVOLUTION--Number of uncompressed blocks: 19, Number of compressed blocks: 593
89137-INFO-2019-08-24 16:07:19,681-CONVOLUTION--Uncompressed blocks: [(5, 39), (5, 35), (7, 22), (7, 38), (7, 29), (6, 29), (7, 24), (5, 24), (5, 7), (7, 13), (7, 43), (8, 12), (7, 34), (5, 47), (5, 44), (5, 27), (5, 41), (5, 31), (7, 7)], Compressed blocks: [(0, 46), (11, 21), (3, 15), (9, 40), (3, 0), (10, 16), (3, 40), (11, 10), (1, 21), (10, 29), (8, 16), (1, 28), (11, 42), (0, 1), (10, 44), (11, 24), (0, 38), (2, 37), (10, 26), (11, 11), (11, 22), (11, 44), (8, 23), (1, 26), (8, 30), (0, 25), (0, 21), (11, 14), (9, 3), (9, 19), (1, 31), (2, 20), (2, 30), (8, 33), (10, 45), (4, 11), (9, 16), (9, 28), (0, 18), (9, 39), (6, 42), (9, 44), (0, 7), (11, 41), (9, 13), (9, 14), (1, 4), (9, 50), (11, 29), (8, 45)]
89137-INFO-2019-08-24 16:07:19,681- Compressions Number for ONLY the layer 42: New Memory: 0.55426025390625, Original Memory: 1.125, Ratio Original/new: 2.0297324083250743
89137-INFO-2019-08-24 16:07:19,681-****** Compressing 48 *********
89137-INFO-2019-08-24 16:07:19,681-CONVOLUTION-- Using Conversion Type: Toeplitz ,Order By Central Tendency:mean Conversion with ratio: 0.5 
89137-INFO-2019-08-24 16:07:19,770-CONVOLUTION--Number of uncompressed blocks: 19, Number of compressed blocks: 593
89137-INFO-2019-08-24 16:07:19,771-CONVOLUTION--Uncompressed blocks: [(6, 26), (6, 21), (5, 26), (7, 31), (7, 1), (5, 21), (5, 8), (4, 17), (7, 43), (5, 22), (5, 31), (6, 41), (6, 13), (5, 17), (7, 27), (6, 31), (7, 26), (6, 27), (7, 17)], Compressed blocks: [(2, 29), (8, 25), (10, 48), (3, 8), (8, 41), (2, 40), (1, 46), (1, 36), (1, 10), (0, 10), (0, 2), (10, 16), (10, 39), (9, 21), (1, 14), (11, 4), (10, 41), (3, 1), (3, 16), (2, 10), (10, 0), (4, 24), (9, 42), (0, 27), (3, 36), (0, 50), (2, 18), (0, 26), (0, 49), (10, 18), (8, 18), (1, 1), (1, 30), (10, 50), (1, 50), (11, 45), (1, 26), (11, 6), (1, 32), (0, 12), (3, 17), (0, 45), (11, 19), (10, 7), (2, 33), (9, 2), (10, 19), (11, 12), (9, 6), (0, 40)]
89137-INFO-2019-08-24 16:07:19,771- Compressions Number for ONLY the layer 48: New Memory: 0.55426025390625, Original Memory: 1.125, Ratio Original/new: 2.0297324083250743
89137-INFO-2019-08-24 16:07:19,771-Total Compression inclusive of all Layers that you have selected
89137-INFO-2019-08-24 16:07:19,771-Total new space: 1.4202919006347656, Total old space 2.8828125, Total Ratio: 2.0297324083250743
89137-INFO-2019-08-24 16:07:21,393-CONVOLUTION--Loss: 2.027145135498047,Accuracy= 0.3596999943256378
89137-INFO-2019-08-24 16:07:21,393-CONVOLUTION --COMPRESSION NUMBER: 6
89137-INFO-2019-08-24 16:07:21,393-****** Compressing 30 *********
89137-INFO-2019-08-24 16:07:21,393-CONVOLUTION-- Using Conversion Type: Toeplitz ,Order By Central Tendency:mean Conversion with ratio: 0.5 
89137-INFO-2019-08-24 16:07:21,418-CONVOLUTION--Number of uncompressed blocks: 5, Number of compressed blocks: 337
89137-INFO-2019-08-24 16:07:21,418-CONVOLUTION--Uncompressed blocks: [(3, 15), (3, 14), (4, 14), (3, 36), (4, 36)], Compressed blocks: [(2, 15), (7, 30), (6, 24), (8, 23), (0, 1), (0, 17), (2, 14), (8, 4), (7, 24), (3, 26), (5, 31), (1, 1), (0, 18), (1, 0), (2, 2), (1, 23), (2, 28), (1, 37), (1, 24), (5, 15), (7, 17), (1, 22), (2, 18), (2, 5), (7, 21), (7, 2), (0, 32), (6, 4), (2, 3), (8, 26), (2, 12), (0, 10), (8, 14), (7, 4), (6, 37), (1, 11), (1, 8), (2, 13), (6, 19), (8, 36), (5, 17), (5, 24), (1, 5), (1, 31), (7, 3), (0, 15), (0, 13), (1, 32), (7, 20), (7, 25)]
89137-INFO-2019-08-24 16:07:21,419- Compressions Number for ONLY the layer 30: New Memory: 0.3117713928222656, Original Memory: 0.6328125, Ratio Original/new: 2.0297324083250743
89137-INFO-2019-08-24 16:07:21,419-****** Compressing 42 *********
89137-INFO-2019-08-24 16:07:21,419-CONVOLUTION-- Using Conversion Type: Toeplitz ,Order By Central Tendency:mean Conversion with ratio: 0.5 
89137-INFO-2019-08-24 16:07:21,467-CONVOLUTION--Number of uncompressed blocks: 9, Number of compressed blocks: 603
89137-INFO-2019-08-24 16:07:21,468-CONVOLUTION--Uncompressed blocks: [(7, 43), (8, 12), (7, 34), (5, 47), (5, 44), (5, 27), (5, 41), (5, 31), (7, 7)], Compressed blocks: [(0, 46), (11, 21), (3, 15), (9, 40), (3, 0), (10, 16), (3, 40), (11, 10), (1, 21), (10, 29), (8, 16), (1, 28), (11, 42), (0, 1), (10, 44), (11, 24), (0, 38), (2, 37), (10, 26), (11, 11), (11, 22), (11, 44), (8, 23), (1, 26), (8, 30), (0, 25), (0, 21), (11, 14), (9, 3), (9, 19), (1, 31), (2, 20), (2, 30), (8, 33), (10, 45), (4, 11), (9, 16), (9, 28), (0, 18), (9, 39), (6, 42), (9, 44), (0, 7), (11, 41), (9, 13), (9, 14), (1, 4), (9, 50), (11, 29), (8, 45)]
89137-INFO-2019-08-24 16:07:21,468- Compressions Number for ONLY the layer 42: New Memory: 0.55426025390625, Original Memory: 1.125, Ratio Original/new: 2.0297324083250743
89137-INFO-2019-08-24 16:07:21,468-****** Compressing 48 *********
89137-INFO-2019-08-24 16:07:21,468-CONVOLUTION-- Using Conversion Type: Toeplitz ,Order By Central Tendency:mean Conversion with ratio: 0.5 
89137-INFO-2019-08-24 16:07:21,515-CONVOLUTION--Number of uncompressed blocks: 9, Number of compressed blocks: 603
89137-INFO-2019-08-24 16:07:21,515-CONVOLUTION--Uncompressed blocks: [(5, 31), (6, 41), (6, 13), (5, 17), (7, 27), (6, 31), (7, 26), (6, 27), (7, 17)], Compressed blocks: [(2, 29), (8, 25), (10, 48), (3, 8), (8, 41), (2, 40), (1, 46), (1, 36), (1, 10), (0, 10), (0, 2), (10, 16), (10, 39), (9, 21), (1, 14), (11, 4), (10, 41), (3, 1), (3, 16), (2, 10), (10, 0), (4, 24), (9, 42), (0, 27), (3, 36), (0, 50), (2, 18), (0, 26), (0, 49), (10, 18), (8, 18), (1, 1), (1, 30), (10, 50), (1, 50), (11, 45), (1, 26), (11, 6), (1, 32), (0, 12), (3, 17), (0, 45), (11, 19), (10, 7), (2, 33), (9, 2), (10, 19), (11, 12), (9, 6), (0, 40)]
89137-INFO-2019-08-24 16:07:21,515- Compressions Number for ONLY the layer 48: New Memory: 0.55426025390625, Original Memory: 1.125, Ratio Original/new: 2.0297324083250743
89137-INFO-2019-08-24 16:07:21,515-Total Compression inclusive of all Layers that you have selected
89137-INFO-2019-08-24 16:07:21,515-Total new space: 1.4202919006347656, Total old space 2.8828125, Total Ratio: 2.0297324083250743
89137-INFO-2019-08-24 16:07:23,209-CONVOLUTION--Loss: 2.0502572662353518,Accuracy= 0.35569998621940613
89137-INFO-2019-08-24 16:08:13,505-EPOCH NUMBER: 0
89137-INFO-2019-08-24 16:08:15,121- #### REQUIRED ACCURACY: 0.3569149971008301
89137-INFO-2019-08-24 16:08:15,121- Current Test Accuracy in epoch 0: 0.3652999997138977
89137-INFO-2019-08-24 16:08:15,121-CONVOLUTION --COMPRESSION NUMBER: 7
89137-INFO-2019-08-24 16:08:15,121-****** Compressing 30 *********
89137-INFO-2019-08-24 16:08:15,121-CONVOLUTION-- Using Conversion Type: Toeplitz ,Order By Central Tendency:mean Conversion with ratio: 0.5 
89137-INFO-2019-08-24 16:08:15,138-CONVOLUTION--Number of uncompressed blocks: 2, Number of compressed blocks: 340
89137-INFO-2019-08-24 16:08:15,139- Compressions Number for ONLY the layer 30: New Memory: 0.3117713928222656, Original Memory: 0.6328125, Ratio Original/new: 2.0297324083250743
89137-INFO-2019-08-24 16:08:15,139-****** Compressing 42 *********
89137-INFO-2019-08-24 16:08:15,139-CONVOLUTION-- Using Conversion Type: Toeplitz ,Order By Central Tendency:mean Conversion with ratio: 0.5 
89137-INFO-2019-08-24 16:08:15,166-CONVOLUTION--Number of uncompressed blocks: 4, Number of compressed blocks: 608
89137-INFO-2019-08-24 16:08:15,166- Compressions Number for ONLY the layer 42: New Memory: 0.55426025390625, Original Memory: 1.125, Ratio Original/new: 2.0297324083250743
89137-INFO-2019-08-24 16:08:15,166-****** Compressing 48 *********
89137-INFO-2019-08-24 16:08:15,166-CONVOLUTION-- Using Conversion Type: Toeplitz ,Order By Central Tendency:mean Conversion with ratio: 0.5 
89137-INFO-2019-08-24 16:08:15,192-CONVOLUTION--Number of uncompressed blocks: 4, Number of compressed blocks: 608
89137-INFO-2019-08-24 16:08:15,193- Compressions Number for ONLY the layer 48: New Memory: 0.55426025390625, Original Memory: 1.125, Ratio Original/new: 2.0297324083250743
89137-INFO-2019-08-24 16:08:16,786-CONVOLUTION--Loss: 2.062731240081787,Accuracy= 0.353300005197525
