89257-INFO-2019-08-24 16:17:08,204-######## SQUEEZENET  WALTing Compression

89257-INFO-2019-08-24 16:17:08,204-squeezenet_cifar10_405999
89257-INFO-2019-08-24 16:17:11,518- USING ORDERBY_CALLBACK 
89257-INFO-2019-08-24 16:17:11,606- CONVOLUTION--INITIAL STATE OF PARAMETERS: Block Size: (15, 15) 
 Order : True  Order by metric : mean 
 Leniency: 0.05 
 Conversion Type: Toeplitz 
 Stepping_Ratio = 0.5 
 Absolute: True 
 
89257-INFO-2019-08-24 16:17:13,798-CONVOLUTION --COMPRESSION NUMBER: 1
89257-INFO-2019-08-24 16:17:13,798-****** Compressing 30 *********
89257-INFO-2019-08-24 16:17:13,798-CONVOLUTION-- Using Conversion Type: Toeplitz ,Order By Central Tendency:mean Conversion with ratio: 0.5 
89257-INFO-2019-08-24 16:17:14,606-CONVOLUTION--Number of uncompressed blocks: 171, Number of compressed blocks: 171
89257-INFO-2019-08-24 16:17:14,606-CONVOLUTION--Uncompressed blocks: [], Compressed blocks: [(2, 15), (7, 30), (6, 24), (8, 23), (0, 1), (0, 17), (2, 14), (8, 4), (7, 24), (3, 26), (5, 31), (1, 1), (0, 18), (1, 0), (2, 2), (1, 23), (2, 28), (1, 37), (1, 24), (5, 15), (7, 17), (1, 22), (2, 18), (2, 5), (7, 21), (7, 2), (0, 32), (6, 4), (2, 3), (8, 26), (2, 12), (0, 10), (8, 14), (7, 4), (6, 37), (1, 11), (1, 8), (2, 13), (6, 19), (8, 36), (5, 17), (5, 24), (1, 5), (1, 31), (7, 3), (0, 15), (0, 13), (1, 32), (7, 20), (7, 25)]
89257-INFO-2019-08-24 16:17:14,606- Compressions Number for ONLY the layer 30: New Memory: 0.3117713928222656, Original Memory: 0.6328125, Ratio Original/new: 2.0297324083250743
89257-INFO-2019-08-24 16:17:14,606-****** Compressing 42 *********
89257-INFO-2019-08-24 16:17:14,607-CONVOLUTION-- Using Conversion Type: Toeplitz ,Order By Central Tendency:mean Conversion with ratio: 0.5 
89257-INFO-2019-08-24 16:17:15,994-CONVOLUTION--Number of uncompressed blocks: 306, Number of compressed blocks: 306
89257-INFO-2019-08-24 16:17:15,994-CONVOLUTION--Uncompressed blocks: [], Compressed blocks: [(0, 46), (11, 21), (3, 15), (9, 40), (3, 0), (10, 16), (3, 40), (11, 10), (1, 21), (10, 29), (8, 16), (1, 28), (11, 42), (0, 1), (10, 44), (11, 24), (0, 38), (2, 37), (10, 26), (11, 11), (11, 22), (11, 44), (8, 23), (1, 26), (8, 30), (0, 25), (0, 21), (11, 14), (9, 3), (9, 19), (1, 31), (2, 20), (2, 30), (8, 33), (10, 45), (4, 11), (9, 16), (9, 28), (0, 18), (9, 39), (6, 42), (9, 44), (0, 7), (11, 41), (9, 13), (9, 14), (1, 4), (9, 50), (11, 29), (8, 45)]
89257-INFO-2019-08-24 16:17:15,994- Compressions Number for ONLY the layer 42: New Memory: 0.55426025390625, Original Memory: 1.125, Ratio Original/new: 2.0297324083250743
89257-INFO-2019-08-24 16:17:15,994-****** Compressing 48 *********
89257-INFO-2019-08-24 16:17:15,994-CONVOLUTION-- Using Conversion Type: Toeplitz ,Order By Central Tendency:mean Conversion with ratio: 0.5 
89257-INFO-2019-08-24 16:17:17,301-CONVOLUTION--Number of uncompressed blocks: 306, Number of compressed blocks: 306
89257-INFO-2019-08-24 16:17:17,302-CONVOLUTION--Uncompressed blocks: [], Compressed blocks: [(2, 29), (8, 25), (10, 48), (3, 8), (8, 41), (2, 40), (1, 46), (1, 36), (1, 10), (0, 10), (0, 2), (10, 16), (10, 39), (9, 21), (1, 14), (11, 4), (10, 41), (3, 1), (3, 16), (2, 10), (10, 0), (4, 24), (9, 42), (0, 27), (3, 36), (0, 50), (2, 18), (0, 26), (0, 49), (10, 18), (8, 18), (1, 1), (1, 30), (10, 50), (1, 50), (11, 45), (1, 26), (11, 6), (1, 32), (0, 12), (3, 17), (0, 45), (11, 19), (10, 7), (2, 33), (9, 2), (10, 19), (11, 12), (9, 6), (0, 40)]
89257-INFO-2019-08-24 16:17:17,302- Compressions Number for ONLY the layer 48: New Memory: 0.55426025390625, Original Memory: 1.125, Ratio Original/new: 2.0297324083250743
89257-INFO-2019-08-24 16:17:17,302-Total Compression inclusive of all Layers that you have selected
89257-INFO-2019-08-24 16:17:17,302-Total new space: 1.4202919006347656, Total old space 2.8828125, Total Ratio: 2.0297324083250743
89257-INFO-2019-08-24 16:17:18,928-CONVOLUTION--Loss: 1.8207545154571534,Accuracy= 0.37709999084472656
89257-INFO-2019-08-24 16:17:18,928-CONVOLUTION --COMPRESSION NUMBER: 2
89257-INFO-2019-08-24 16:17:18,928-****** Compressing 30 *********
89257-INFO-2019-08-24 16:17:18,928-CONVOLUTION-- Using Conversion Type: Toeplitz ,Order By Central Tendency:mean Conversion with ratio: 0.5 
89257-INFO-2019-08-24 16:17:19,282-CONVOLUTION--Number of uncompressed blocks: 85, Number of compressed blocks: 257
89257-INFO-2019-08-24 16:17:19,283-CONVOLUTION--Uncompressed blocks: [], Compressed blocks: [(2, 15), (7, 30), (6, 24), (8, 23), (0, 1), (0, 17), (2, 14), (8, 4), (7, 24), (3, 26), (5, 31), (1, 1), (0, 18), (1, 0), (2, 2), (1, 23), (2, 28), (1, 37), (1, 24), (5, 15), (7, 17), (1, 22), (2, 18), (2, 5), (7, 21), (7, 2), (0, 32), (6, 4), (2, 3), (8, 26), (2, 12), (0, 10), (8, 14), (7, 4), (6, 37), (1, 11), (1, 8), (2, 13), (6, 19), (8, 36), (5, 17), (5, 24), (1, 5), (1, 31), (7, 3), (0, 15), (0, 13), (1, 32), (7, 20), (7, 25)]
89257-INFO-2019-08-24 16:17:19,283- Compressions Number for ONLY the layer 30: New Memory: 0.3117713928222656, Original Memory: 0.6328125, Ratio Original/new: 2.0297324083250743
89257-INFO-2019-08-24 16:17:19,283-****** Compressing 42 *********
89257-INFO-2019-08-24 16:17:19,283-CONVOLUTION-- Using Conversion Type: Toeplitz ,Order By Central Tendency:mean Conversion with ratio: 0.5 
89257-INFO-2019-08-24 16:17:19,952-CONVOLUTION--Number of uncompressed blocks: 153, Number of compressed blocks: 459
89257-INFO-2019-08-24 16:17:19,952-CONVOLUTION--Uncompressed blocks: [], Compressed blocks: [(0, 46), (11, 21), (3, 15), (9, 40), (3, 0), (10, 16), (3, 40), (11, 10), (1, 21), (10, 29), (8, 16), (1, 28), (11, 42), (0, 1), (10, 44), (11, 24), (0, 38), (2, 37), (10, 26), (11, 11), (11, 22), (11, 44), (8, 23), (1, 26), (8, 30), (0, 25), (0, 21), (11, 14), (9, 3), (9, 19), (1, 31), (2, 20), (2, 30), (8, 33), (10, 45), (4, 11), (9, 16), (9, 28), (0, 18), (9, 39), (6, 42), (9, 44), (0, 7), (11, 41), (9, 13), (9, 14), (1, 4), (9, 50), (11, 29), (8, 45)]
89257-INFO-2019-08-24 16:17:19,952- Compressions Number for ONLY the layer 42: New Memory: 0.55426025390625, Original Memory: 1.125, Ratio Original/new: 2.0297324083250743
89257-INFO-2019-08-24 16:17:19,952-****** Compressing 48 *********
89257-INFO-2019-08-24 16:17:19,952-CONVOLUTION-- Using Conversion Type: Toeplitz ,Order By Central Tendency:mean Conversion with ratio: 0.5 
89257-INFO-2019-08-24 16:17:20,597-CONVOLUTION--Number of uncompressed blocks: 153, Number of compressed blocks: 459
89257-INFO-2019-08-24 16:17:20,597-CONVOLUTION--Uncompressed blocks: [], Compressed blocks: [(2, 29), (8, 25), (10, 48), (3, 8), (8, 41), (2, 40), (1, 46), (1, 36), (1, 10), (0, 10), (0, 2), (10, 16), (10, 39), (9, 21), (1, 14), (11, 4), (10, 41), (3, 1), (3, 16), (2, 10), (10, 0), (4, 24), (9, 42), (0, 27), (3, 36), (0, 50), (2, 18), (0, 26), (0, 49), (10, 18), (8, 18), (1, 1), (1, 30), (10, 50), (1, 50), (11, 45), (1, 26), (11, 6), (1, 32), (0, 12), (3, 17), (0, 45), (11, 19), (10, 7), (2, 33), (9, 2), (10, 19), (11, 12), (9, 6), (0, 40)]
89257-INFO-2019-08-24 16:17:20,598- Compressions Number for ONLY the layer 48: New Memory: 0.55426025390625, Original Memory: 1.125, Ratio Original/new: 2.0297324083250743
89257-INFO-2019-08-24 16:17:20,598-Total Compression inclusive of all Layers that you have selected
89257-INFO-2019-08-24 16:17:20,598-Total new space: 1.4202919006347656, Total old space 2.8828125, Total Ratio: 2.0297324083250743
89257-INFO-2019-08-24 16:17:22,174-CONVOLUTION--Loss: 1.8607564052581786,Accuracy= 0.3756999969482422
89257-INFO-2019-08-24 16:17:22,174-CONVOLUTION --COMPRESSION NUMBER: 3
89257-INFO-2019-08-24 16:17:22,174-****** Compressing 30 *********
89257-INFO-2019-08-24 16:17:22,174-CONVOLUTION-- Using Conversion Type: Toeplitz ,Order By Central Tendency:mean Conversion with ratio: 0.5 
89257-INFO-2019-08-24 16:17:22,350-CONVOLUTION--Number of uncompressed blocks: 42, Number of compressed blocks: 300
89257-INFO-2019-08-24 16:17:22,350-CONVOLUTION--Uncompressed blocks: [], Compressed blocks: [(2, 15), (7, 30), (6, 24), (8, 23), (0, 1), (0, 17), (2, 14), (8, 4), (7, 24), (3, 26), (5, 31), (1, 1), (0, 18), (1, 0), (2, 2), (1, 23), (2, 28), (1, 37), (1, 24), (5, 15), (7, 17), (1, 22), (2, 18), (2, 5), (7, 21), (7, 2), (0, 32), (6, 4), (2, 3), (8, 26), (2, 12), (0, 10), (8, 14), (7, 4), (6, 37), (1, 11), (1, 8), (2, 13), (6, 19), (8, 36), (5, 17), (5, 24), (1, 5), (1, 31), (7, 3), (0, 15), (0, 13), (1, 32), (7, 20), (7, 25)]
89257-INFO-2019-08-24 16:17:22,350- Compressions Number for ONLY the layer 30: New Memory: 0.3117713928222656, Original Memory: 0.6328125, Ratio Original/new: 2.0297324083250743
89257-INFO-2019-08-24 16:17:22,351-****** Compressing 42 *********
89257-INFO-2019-08-24 16:17:22,351-CONVOLUTION-- Using Conversion Type: Toeplitz ,Order By Central Tendency:mean Conversion with ratio: 0.5 
89257-INFO-2019-08-24 16:17:22,698-CONVOLUTION--Number of uncompressed blocks: 76, Number of compressed blocks: 536
89257-INFO-2019-08-24 16:17:22,698-CONVOLUTION--Uncompressed blocks: [], Compressed blocks: [(0, 46), (11, 21), (3, 15), (9, 40), (3, 0), (10, 16), (3, 40), (11, 10), (1, 21), (10, 29), (8, 16), (1, 28), (11, 42), (0, 1), (10, 44), (11, 24), (0, 38), (2, 37), (10, 26), (11, 11), (11, 22), (11, 44), (8, 23), (1, 26), (8, 30), (0, 25), (0, 21), (11, 14), (9, 3), (9, 19), (1, 31), (2, 20), (2, 30), (8, 33), (10, 45), (4, 11), (9, 16), (9, 28), (0, 18), (9, 39), (6, 42), (9, 44), (0, 7), (11, 41), (9, 13), (9, 14), (1, 4), (9, 50), (11, 29), (8, 45)]
89257-INFO-2019-08-24 16:17:22,698- Compressions Number for ONLY the layer 42: New Memory: 0.55426025390625, Original Memory: 1.125, Ratio Original/new: 2.0297324083250743
89257-INFO-2019-08-24 16:17:22,698-****** Compressing 48 *********
89257-INFO-2019-08-24 16:17:22,699-CONVOLUTION-- Using Conversion Type: Toeplitz ,Order By Central Tendency:mean Conversion with ratio: 0.5 
89257-INFO-2019-08-24 16:17:23,039-CONVOLUTION--Number of uncompressed blocks: 76, Number of compressed blocks: 536
89257-INFO-2019-08-24 16:17:23,039-CONVOLUTION--Uncompressed blocks: [], Compressed blocks: [(2, 29), (8, 25), (10, 48), (3, 8), (8, 41), (2, 40), (1, 46), (1, 36), (1, 10), (0, 10), (0, 2), (10, 16), (10, 39), (9, 21), (1, 14), (11, 4), (10, 41), (3, 1), (3, 16), (2, 10), (10, 0), (4, 24), (9, 42), (0, 27), (3, 36), (0, 50), (2, 18), (0, 26), (0, 49), (10, 18), (8, 18), (1, 1), (1, 30), (10, 50), (1, 50), (11, 45), (1, 26), (11, 6), (1, 32), (0, 12), (3, 17), (0, 45), (11, 19), (10, 7), (2, 33), (9, 2), (10, 19), (11, 12), (9, 6), (0, 40)]
89257-INFO-2019-08-24 16:17:23,040- Compressions Number for ONLY the layer 48: New Memory: 0.55426025390625, Original Memory: 1.125, Ratio Original/new: 2.0297324083250743
89257-INFO-2019-08-24 16:17:23,040-Total Compression inclusive of all Layers that you have selected
89257-INFO-2019-08-24 16:17:23,040-Total new space: 1.4202919006347656, Total old space 2.8828125, Total Ratio: 2.0297324083250743
89257-INFO-2019-08-24 16:17:24,609-CONVOLUTION--Loss: 1.9358946739196778,Accuracy= 0.36910000443458557
89257-INFO-2019-08-24 16:17:24,610-CONVOLUTION --COMPRESSION NUMBER: 4
89257-INFO-2019-08-24 16:17:24,610-****** Compressing 30 *********
89257-INFO-2019-08-24 16:17:24,610-CONVOLUTION-- Using Conversion Type: Toeplitz ,Order By Central Tendency:mean Conversion with ratio: 0.5 
89257-INFO-2019-08-24 16:17:24,702-CONVOLUTION--Number of uncompressed blocks: 21, Number of compressed blocks: 321
89257-INFO-2019-08-24 16:17:24,702-CONVOLUTION--Uncompressed blocks: [], Compressed blocks: [(2, 15), (7, 30), (6, 24), (8, 23), (0, 1), (0, 17), (2, 14), (8, 4), (7, 24), (3, 26), (5, 31), (1, 1), (0, 18), (1, 0), (2, 2), (1, 23), (2, 28), (1, 37), (1, 24), (5, 15), (7, 17), (1, 22), (2, 18), (2, 5), (7, 21), (7, 2), (0, 32), (6, 4), (2, 3), (8, 26), (2, 12), (0, 10), (8, 14), (7, 4), (6, 37), (1, 11), (1, 8), (2, 13), (6, 19), (8, 36), (5, 17), (5, 24), (1, 5), (1, 31), (7, 3), (0, 15), (0, 13), (1, 32), (7, 20), (7, 25)]
89257-INFO-2019-08-24 16:17:24,702- Compressions Number for ONLY the layer 30: New Memory: 0.3117713928222656, Original Memory: 0.6328125, Ratio Original/new: 2.0297324083250743
89257-INFO-2019-08-24 16:17:24,702-****** Compressing 42 *********
89257-INFO-2019-08-24 16:17:24,703-CONVOLUTION-- Using Conversion Type: Toeplitz ,Order By Central Tendency:mean Conversion with ratio: 0.5 
89257-INFO-2019-08-24 16:17:24,880-CONVOLUTION--Number of uncompressed blocks: 38, Number of compressed blocks: 574
89257-INFO-2019-08-24 16:17:24,881-CONVOLUTION--Uncompressed blocks: [], Compressed blocks: [(0, 46), (11, 21), (3, 15), (9, 40), (3, 0), (10, 16), (3, 40), (11, 10), (1, 21), (10, 29), (8, 16), (1, 28), (11, 42), (0, 1), (10, 44), (11, 24), (0, 38), (2, 37), (10, 26), (11, 11), (11, 22), (11, 44), (8, 23), (1, 26), (8, 30), (0, 25), (0, 21), (11, 14), (9, 3), (9, 19), (1, 31), (2, 20), (2, 30), (8, 33), (10, 45), (4, 11), (9, 16), (9, 28), (0, 18), (9, 39), (6, 42), (9, 44), (0, 7), (11, 41), (9, 13), (9, 14), (1, 4), (9, 50), (11, 29), (8, 45)]
89257-INFO-2019-08-24 16:17:24,881- Compressions Number for ONLY the layer 42: New Memory: 0.55426025390625, Original Memory: 1.125, Ratio Original/new: 2.0297324083250743
89257-INFO-2019-08-24 16:17:24,881-****** Compressing 48 *********
89257-INFO-2019-08-24 16:17:24,881-CONVOLUTION-- Using Conversion Type: Toeplitz ,Order By Central Tendency:mean Conversion with ratio: 0.5 
89257-INFO-2019-08-24 16:17:25,061-CONVOLUTION--Number of uncompressed blocks: 38, Number of compressed blocks: 574
89257-INFO-2019-08-24 16:17:25,062-CONVOLUTION--Uncompressed blocks: [], Compressed blocks: [(2, 29), (8, 25), (10, 48), (3, 8), (8, 41), (2, 40), (1, 46), (1, 36), (1, 10), (0, 10), (0, 2), (10, 16), (10, 39), (9, 21), (1, 14), (11, 4), (10, 41), (3, 1), (3, 16), (2, 10), (10, 0), (4, 24), (9, 42), (0, 27), (3, 36), (0, 50), (2, 18), (0, 26), (0, 49), (10, 18), (8, 18), (1, 1), (1, 30), (10, 50), (1, 50), (11, 45), (1, 26), (11, 6), (1, 32), (0, 12), (3, 17), (0, 45), (11, 19), (10, 7), (2, 33), (9, 2), (10, 19), (11, 12), (9, 6), (0, 40)]
89257-INFO-2019-08-24 16:17:25,062- Compressions Number for ONLY the layer 48: New Memory: 0.55426025390625, Original Memory: 1.125, Ratio Original/new: 2.0297324083250743
89257-INFO-2019-08-24 16:17:25,062-Total Compression inclusive of all Layers that you have selected
89257-INFO-2019-08-24 16:17:25,062-Total new space: 1.4202919006347656, Total old space 2.8828125, Total Ratio: 2.0297324083250743
89257-INFO-2019-08-24 16:17:26,721-CONVOLUTION--Loss: 1.9880983409881592,Accuracy= 0.36390000581741333
89257-INFO-2019-08-24 16:17:26,722-CONVOLUTION --COMPRESSION NUMBER: 5
89257-INFO-2019-08-24 16:17:26,722-****** Compressing 30 *********
89257-INFO-2019-08-24 16:17:26,722-CONVOLUTION-- Using Conversion Type: Toeplitz ,Order By Central Tendency:mean Conversion with ratio: 0.5 
89257-INFO-2019-08-24 16:17:26,779-CONVOLUTION--Number of uncompressed blocks: 10, Number of compressed blocks: 332
89257-INFO-2019-08-24 16:17:26,779-CONVOLUTION--Uncompressed blocks: [], Compressed blocks: [(2, 15), (7, 30), (6, 24), (8, 23), (0, 1), (0, 17), (2, 14), (8, 4), (7, 24), (3, 26), (5, 31), (1, 1), (0, 18), (1, 0), (2, 2), (1, 23), (2, 28), (1, 37), (1, 24), (5, 15), (7, 17), (1, 22), (2, 18), (2, 5), (7, 21), (7, 2), (0, 32), (6, 4), (2, 3), (8, 26), (2, 12), (0, 10), (8, 14), (7, 4), (6, 37), (1, 11), (1, 8), (2, 13), (6, 19), (8, 36), (5, 17), (5, 24), (1, 5), (1, 31), (7, 3), (0, 15), (0, 13), (1, 32), (7, 20), (7, 25)]
89257-INFO-2019-08-24 16:17:26,779- Compressions Number for ONLY the layer 30: New Memory: 0.3117713928222656, Original Memory: 0.6328125, Ratio Original/new: 2.0297324083250743
89257-INFO-2019-08-24 16:17:26,779-****** Compressing 42 *********
89257-INFO-2019-08-24 16:17:26,779-CONVOLUTION-- Using Conversion Type: Toeplitz ,Order By Central Tendency:mean Conversion with ratio: 0.5 
89257-INFO-2019-08-24 16:17:26,882-CONVOLUTION--Number of uncompressed blocks: 19, Number of compressed blocks: 593
89257-INFO-2019-08-24 16:17:26,882-CONVOLUTION--Uncompressed blocks: [], Compressed blocks: [(0, 46), (11, 21), (3, 15), (9, 40), (3, 0), (10, 16), (3, 40), (11, 10), (1, 21), (10, 29), (8, 16), (1, 28), (11, 42), (0, 1), (10, 44), (11, 24), (0, 38), (2, 37), (10, 26), (11, 11), (11, 22), (11, 44), (8, 23), (1, 26), (8, 30), (0, 25), (0, 21), (11, 14), (9, 3), (9, 19), (1, 31), (2, 20), (2, 30), (8, 33), (10, 45), (4, 11), (9, 16), (9, 28), (0, 18), (9, 39), (6, 42), (9, 44), (0, 7), (11, 41), (9, 13), (9, 14), (1, 4), (9, 50), (11, 29), (8, 45)]
89257-INFO-2019-08-24 16:17:26,883- Compressions Number for ONLY the layer 42: New Memory: 0.55426025390625, Original Memory: 1.125, Ratio Original/new: 2.0297324083250743
89257-INFO-2019-08-24 16:17:26,883-****** Compressing 48 *********
89257-INFO-2019-08-24 16:17:26,883-CONVOLUTION-- Using Conversion Type: Toeplitz ,Order By Central Tendency:mean Conversion with ratio: 0.5 
89257-INFO-2019-08-24 16:17:26,972-CONVOLUTION--Number of uncompressed blocks: 19, Number of compressed blocks: 593
89257-INFO-2019-08-24 16:17:26,972-CONVOLUTION--Uncompressed blocks: [], Compressed blocks: [(2, 29), (8, 25), (10, 48), (3, 8), (8, 41), (2, 40), (1, 46), (1, 36), (1, 10), (0, 10), (0, 2), (10, 16), (10, 39), (9, 21), (1, 14), (11, 4), (10, 41), (3, 1), (3, 16), (2, 10), (10, 0), (4, 24), (9, 42), (0, 27), (3, 36), (0, 50), (2, 18), (0, 26), (0, 49), (10, 18), (8, 18), (1, 1), (1, 30), (10, 50), (1, 50), (11, 45), (1, 26), (11, 6), (1, 32), (0, 12), (3, 17), (0, 45), (11, 19), (10, 7), (2, 33), (9, 2), (10, 19), (11, 12), (9, 6), (0, 40)]
89257-INFO-2019-08-24 16:17:26,972- Compressions Number for ONLY the layer 48: New Memory: 0.55426025390625, Original Memory: 1.125, Ratio Original/new: 2.0297324083250743
89257-INFO-2019-08-24 16:17:26,972-Total Compression inclusive of all Layers that you have selected
89257-INFO-2019-08-24 16:17:26,972-Total new space: 1.4202919006347656, Total old space 2.8828125, Total Ratio: 2.0297324083250743
