89881-INFO-2019-08-24 16:56:26,333-######## SQUEEZENET  WALTing Compression

89881-INFO-2019-08-24 16:56:26,333-squeezenet_cifar10_427937
89881-INFO-2019-08-24 16:56:29,490- USING ORDERBY_CALLBACK 
89881-INFO-2019-08-24 16:56:29,576- CONVOLUTION--INITIAL STATE OF PARAMETERS: Block Size: (15, 15) 
 Order : True  Order by metric : mean 
 Leniency: 0.05 
 Conversion Type: Toeplitz 
 Stepping_Ratio = 0.5 
 Absolute: True 
 
89881-INFO-2019-08-24 16:56:31,460-CONVOLUTION --COMPRESSION NUMBER: 1
89881-INFO-2019-08-24 16:56:31,460-****** Compressing 30 *********
89881-INFO-2019-08-24 16:56:31,460-CONVOLUTION-- Using Conversion Type: Toeplitz ,Order By Central Tendency:mean Conversion with ratio: 0.5 
89881-INFO-2019-08-24 16:56:32,140-CONVOLUTION--Number of uncompressed blocks: 171, Number of compressed blocks: 171
89881-INFO-2019-08-24 16:56:32,141-CONVOLUTION--Uncompressed blocks: [(5, 5), (5, 37), (5, 21), (4, 29), (3, 3), (5, 29), (5, 14), (4, 34), (5, 2), (3, 28), (3, 25), (3, 12), (4, 25), (4, 35), (3, 30), (4, 8), (5, 28), (4, 7), (4, 30), (3, 17), (3, 15), (3, 14), (4, 14), (3, 36), (4, 36)], Compressed blocks: [(2, 15), (7, 30), (6, 24), (8, 23), (0, 1), (0, 17), (2, 14), (8, 4), (7, 24), (3, 26), (5, 31), (1, 1), (0, 18), (1, 0), (2, 2), (1, 23), (2, 28), (1, 37), (1, 24), (5, 15), (7, 17), (1, 22), (2, 18), (2, 5), (7, 21), (7, 2), (0, 32), (6, 4), (2, 3), (8, 26), (2, 12), (0, 10), (8, 14), (7, 4), (6, 37), (1, 11), (1, 8), (2, 13), (6, 19), (8, 36), (5, 17), (5, 24), (1, 5), (1, 31), (7, 3), (0, 15), (0, 13), (1, 32), (7, 20), (7, 25)]
89881-INFO-2019-08-24 16:56:32,142- Compressions Number for ONLY the layer 30: New Memory: 0.18920516967773438, Original Memory: 0.31640625, Ratio Original/new: 1.6722917800762112
89881-INFO-2019-08-24 16:56:32,142-****** Compressing 42 *********
89881-INFO-2019-08-24 16:56:32,142-CONVOLUTION-- Using Conversion Type: Toeplitz ,Order By Central Tendency:mean Conversion with ratio: 0.5 
89881-INFO-2019-08-24 16:56:33,648-CONVOLUTION--Number of uncompressed blocks: 306, Number of compressed blocks: 306
89881-INFO-2019-08-24 16:56:33,648-CONVOLUTION--Uncompressed blocks: [(6, 40), (6, 12), (5, 32), (5, 49), (4, 10), (7, 23), (5, 39), (5, 35), (7, 22), (7, 38), (7, 29), (6, 29), (7, 24), (5, 24), (5, 7), (7, 13), (7, 43), (8, 12), (7, 34), (5, 47), (5, 44), (5, 27), (5, 41), (5, 31), (7, 7)], Compressed blocks: [(0, 46), (11, 21), (3, 15), (9, 40), (3, 0), (10, 16), (3, 40), (11, 10), (1, 21), (10, 29), (8, 16), (1, 28), (11, 42), (0, 1), (10, 44), (11, 24), (0, 38), (2, 37), (10, 26), (11, 11), (11, 22), (11, 44), (8, 23), (1, 26), (8, 30), (0, 25), (0, 21), (11, 14), (9, 3), (9, 19), (1, 31), (2, 20), (2, 30), (8, 33), (10, 45), (4, 11), (9, 16), (9, 28), (0, 18), (9, 39), (6, 42), (9, 44), (0, 7), (11, 41), (9, 13), (9, 14), (1, 4), (9, 50), (11, 29), (8, 45)]
89881-INFO-2019-08-24 16:56:33,649- Compressions Number for ONLY the layer 42: New Memory: 0.33487701416015625, Original Memory: 0.5625, Ratio Original/new: 1.6797211400451098
89881-INFO-2019-08-24 16:56:33,649-****** Compressing 48 *********
89881-INFO-2019-08-24 16:56:33,649-CONVOLUTION-- Using Conversion Type: Toeplitz ,Order By Central Tendency:mean Conversion with ratio: 0.5 
89881-INFO-2019-08-24 16:56:34,828-CONVOLUTION--Number of uncompressed blocks: 306, Number of compressed blocks: 306
89881-INFO-2019-08-24 16:56:34,828-CONVOLUTION--Uncompressed blocks: [(7, 48), (7, 3), (5, 39), (5, 9), (6, 50), (7, 39), (6, 26), (6, 21), (5, 26), (7, 31), (7, 1), (5, 21), (5, 8), (4, 17), (7, 43), (5, 22), (5, 31), (6, 41), (6, 13), (5, 17), (7, 27), (6, 31), (7, 26), (6, 27), (7, 17)], Compressed blocks: [(2, 29), (8, 25), (10, 48), (3, 8), (8, 41), (2, 40), (1, 46), (1, 36), (1, 10), (0, 10), (0, 2), (10, 16), (10, 39), (9, 21), (1, 14), (11, 4), (10, 41), (3, 1), (3, 16), (2, 10), (10, 0), (4, 24), (9, 42), (0, 27), (3, 36), (0, 50), (2, 18), (0, 26), (0, 49), (10, 18), (8, 18), (1, 1), (1, 30), (10, 50), (1, 50), (11, 45), (1, 26), (11, 6), (1, 32), (0, 12), (3, 17), (0, 45), (11, 19), (10, 7), (2, 33), (9, 2), (10, 19), (11, 12), (9, 6), (0, 40)]
89881-INFO-2019-08-24 16:56:34,828- Compressions Number for ONLY the layer 48: New Memory: 0.33487701416015625, Original Memory: 0.5625, Ratio Original/new: 1.6797211400451098
89881-INFO-2019-08-24 16:56:34,828-Total Compression inclusive of all Layers that you have selected
89881-INFO-2019-08-24 16:56:34,828-Total new space: 0.8589591979980469, Total old space 1.44140625, Total Ratio: 1.678084655661697
89881-INFO-2019-08-24 16:56:36,516-CONVOLUTION--Loss: 1.8207545154571534,Accuracy= 0.37709999084472656
89881-INFO-2019-08-24 16:56:36,516-CONVOLUTION --COMPRESSION NUMBER: 2
89881-INFO-2019-08-24 16:56:36,516-****** Compressing 30 *********
89881-INFO-2019-08-24 16:56:36,516-CONVOLUTION-- Using Conversion Type: Toeplitz ,Order By Central Tendency:mean Conversion with ratio: 0.5 
89881-INFO-2019-08-24 16:56:36,851-CONVOLUTION--Number of uncompressed blocks: 85, Number of compressed blocks: 257
89881-INFO-2019-08-24 16:56:36,851-CONVOLUTION--Uncompressed blocks: [(5, 5), (5, 37), (5, 21), (4, 29), (3, 3), (5, 29), (5, 14), (4, 34), (5, 2), (3, 28), (3, 25), (3, 12), (4, 25), (4, 35), (3, 30), (4, 8), (5, 28), (4, 7), (4, 30), (3, 17), (3, 15), (3, 14), (4, 14), (3, 36), (4, 36)], Compressed blocks: [(2, 15), (7, 30), (6, 24), (8, 23), (0, 1), (0, 17), (2, 14), (8, 4), (7, 24), (3, 26), (5, 31), (1, 1), (0, 18), (1, 0), (2, 2), (1, 23), (2, 28), (1, 37), (1, 24), (5, 15), (7, 17), (1, 22), (2, 18), (2, 5), (7, 21), (7, 2), (0, 32), (6, 4), (2, 3), (8, 26), (2, 12), (0, 10), (8, 14), (7, 4), (6, 37), (1, 11), (1, 8), (2, 13), (6, 19), (8, 36), (5, 17), (5, 24), (1, 5), (1, 31), (7, 3), (0, 15), (0, 13), (1, 32), (7, 20), (7, 25)]
89881-INFO-2019-08-24 16:56:36,851- Compressions Number for ONLY the layer 30: New Memory: 0.12523269653320312, Original Memory: 0.31640625, Ratio Original/new: 2.526546650827013
89881-INFO-2019-08-24 16:56:36,851-****** Compressing 42 *********
89881-INFO-2019-08-24 16:56:36,851-CONVOLUTION-- Using Conversion Type: Toeplitz ,Order By Central Tendency:mean Conversion with ratio: 0.5 
89881-INFO-2019-08-24 16:56:37,480-CONVOLUTION--Number of uncompressed blocks: 153, Number of compressed blocks: 459
89881-INFO-2019-08-24 16:56:37,480-CONVOLUTION--Uncompressed blocks: [(6, 40), (6, 12), (5, 32), (5, 49), (4, 10), (7, 23), (5, 39), (5, 35), (7, 22), (7, 38), (7, 29), (6, 29), (7, 24), (5, 24), (5, 7), (7, 13), (7, 43), (8, 12), (7, 34), (5, 47), (5, 44), (5, 27), (5, 41), (5, 31), (7, 7)], Compressed blocks: [(0, 46), (11, 21), (3, 15), (9, 40), (3, 0), (10, 16), (3, 40), (11, 10), (1, 21), (10, 29), (8, 16), (1, 28), (11, 42), (0, 1), (10, 44), (11, 24), (0, 38), (2, 37), (10, 26), (11, 11), (11, 22), (11, 44), (8, 23), (1, 26), (8, 30), (0, 25), (0, 21), (11, 14), (9, 3), (9, 19), (1, 31), (2, 20), (2, 30), (8, 33), (10, 45), (4, 11), (9, 16), (9, 28), (0, 18), (9, 39), (6, 42), (9, 44), (0, 7), (11, 41), (9, 13), (9, 14), (1, 4), (9, 50), (11, 29), (8, 45)]
89881-INFO-2019-08-24 16:56:37,480- Compressions Number for ONLY the layer 42: New Memory: 0.22106552124023438, Original Memory: 0.5625, Ratio Original/new: 2.5444944867215407
89881-INFO-2019-08-24 16:56:37,480-****** Compressing 48 *********
89881-INFO-2019-08-24 16:56:37,480-CONVOLUTION-- Using Conversion Type: Toeplitz ,Order By Central Tendency:mean Conversion with ratio: 0.5 
89881-INFO-2019-08-24 16:56:38,239-CONVOLUTION--Number of uncompressed blocks: 153, Number of compressed blocks: 459
89881-INFO-2019-08-24 16:56:38,239-CONVOLUTION--Uncompressed blocks: [(7, 48), (7, 3), (5, 39), (5, 9), (6, 50), (7, 39), (6, 26), (6, 21), (5, 26), (7, 31), (7, 1), (5, 21), (5, 8), (4, 17), (7, 43), (5, 22), (5, 31), (6, 41), (6, 13), (5, 17), (7, 27), (6, 31), (7, 26), (6, 27), (7, 17)], Compressed blocks: [(2, 29), (8, 25), (10, 48), (3, 8), (8, 41), (2, 40), (1, 46), (1, 36), (1, 10), (0, 10), (0, 2), (10, 16), (10, 39), (9, 21), (1, 14), (11, 4), (10, 41), (3, 1), (3, 16), (2, 10), (10, 0), (4, 24), (9, 42), (0, 27), (3, 36), (0, 50), (2, 18), (0, 26), (0, 49), (10, 18), (8, 18), (1, 1), (1, 30), (10, 50), (1, 50), (11, 45), (1, 26), (11, 6), (1, 32), (0, 12), (3, 17), (0, 45), (11, 19), (10, 7), (2, 33), (9, 2), (10, 19), (11, 12), (9, 6), (0, 40)]
89881-INFO-2019-08-24 16:56:38,239- Compressions Number for ONLY the layer 48: New Memory: 0.22106552124023438, Original Memory: 0.5625, Ratio Original/new: 2.5444944867215407
89881-INFO-2019-08-24 16:56:38,239-Total Compression inclusive of all Layers that you have selected
89881-INFO-2019-08-24 16:56:38,240-Total new space: 0.5673637390136719, Total old space 1.44140625, Total Ratio: 2.5405329084051074
89881-INFO-2019-08-24 16:56:39,944-CONVOLUTION--Loss: 1.8607564052581786,Accuracy= 0.3756999969482422
89881-INFO-2019-08-24 16:56:39,944-CONVOLUTION --COMPRESSION NUMBER: 3
89881-INFO-2019-08-24 16:56:39,944-****** Compressing 30 *********
89881-INFO-2019-08-24 16:56:39,944-CONVOLUTION-- Using Conversion Type: Toeplitz ,Order By Central Tendency:mean Conversion with ratio: 0.5 
89881-INFO-2019-08-24 16:56:40,132-CONVOLUTION--Number of uncompressed blocks: 42, Number of compressed blocks: 300
89881-INFO-2019-08-24 16:56:40,133-CONVOLUTION--Uncompressed blocks: [(5, 5), (5, 37), (5, 21), (4, 29), (3, 3), (5, 29), (5, 14), (4, 34), (5, 2), (3, 28), (3, 25), (3, 12), (4, 25), (4, 35), (3, 30), (4, 8), (5, 28), (4, 7), (4, 30), (3, 17), (3, 15), (3, 14), (4, 14), (3, 36), (4, 36)], Compressed blocks: [(2, 15), (7, 30), (6, 24), (8, 23), (0, 1), (0, 17), (2, 14), (8, 4), (7, 24), (3, 26), (5, 31), (1, 1), (0, 18), (1, 0), (2, 2), (1, 23), (2, 28), (1, 37), (1, 24), (5, 15), (7, 17), (1, 22), (2, 18), (2, 5), (7, 21), (7, 2), (0, 32), (6, 4), (2, 3), (8, 26), (2, 12), (0, 10), (8, 14), (7, 4), (6, 37), (1, 11), (1, 8), (2, 13), (6, 19), (8, 36), (5, 17), (5, 24), (1, 5), (1, 31), (7, 3), (0, 15), (0, 13), (1, 32), (7, 20), (7, 25)]
89881-INFO-2019-08-24 16:56:40,133- Compressions Number for ONLY the layer 30: New Memory: 0.0932464599609375, Original Memory: 0.31640625, Ratio Original/new: 3.393225331369661
89881-INFO-2019-08-24 16:56:40,133-****** Compressing 42 *********
89881-INFO-2019-08-24 16:56:40,133-CONVOLUTION-- Using Conversion Type: Toeplitz ,Order By Central Tendency:mean Conversion with ratio: 0.5 
89881-INFO-2019-08-24 16:56:40,468-CONVOLUTION--Number of uncompressed blocks: 76, Number of compressed blocks: 536
89881-INFO-2019-08-24 16:56:40,469-CONVOLUTION--Uncompressed blocks: [(6, 40), (6, 12), (5, 32), (5, 49), (4, 10), (7, 23), (5, 39), (5, 35), (7, 22), (7, 38), (7, 29), (6, 29), (7, 24), (5, 24), (5, 7), (7, 13), (7, 43), (8, 12), (7, 34), (5, 47), (5, 44), (5, 27), (5, 41), (5, 31), (7, 7)], Compressed blocks: [(0, 46), (11, 21), (3, 15), (9, 40), (3, 0), (10, 16), (3, 40), (11, 10), (1, 21), (10, 29), (8, 16), (1, 28), (11, 42), (0, 1), (10, 44), (11, 24), (0, 38), (2, 37), (10, 26), (11, 11), (11, 22), (11, 44), (8, 23), (1, 26), (8, 30), (0, 25), (0, 21), (11, 14), (9, 3), (9, 19), (1, 31), (2, 20), (2, 30), (8, 33), (10, 45), (4, 11), (9, 16), (9, 28), (0, 18), (9, 39), (6, 42), (9, 44), (0, 7), (11, 41), (9, 13), (9, 14), (1, 4), (9, 50), (11, 29), (8, 45)]
89881-INFO-2019-08-24 16:56:40,469- Compressions Number for ONLY the layer 42: New Memory: 0.163787841796875, Original Memory: 0.5625, Ratio Original/new: 3.4343208496366686
89881-INFO-2019-08-24 16:56:40,469-****** Compressing 48 *********
89881-INFO-2019-08-24 16:56:40,469-CONVOLUTION-- Using Conversion Type: Toeplitz ,Order By Central Tendency:mean Conversion with ratio: 0.5 
89881-INFO-2019-08-24 16:56:40,813-CONVOLUTION--Number of uncompressed blocks: 76, Number of compressed blocks: 536
89881-INFO-2019-08-24 16:56:40,817-CONVOLUTION--Uncompressed blocks: [(7, 48), (7, 3), (5, 39), (5, 9), (6, 50), (7, 39), (6, 26), (6, 21), (5, 26), (7, 31), (7, 1), (5, 21), (5, 8), (4, 17), (7, 43), (5, 22), (5, 31), (6, 41), (6, 13), (5, 17), (7, 27), (6, 31), (7, 26), (6, 27), (7, 17)], Compressed blocks: [(2, 29), (8, 25), (10, 48), (3, 8), (8, 41), (2, 40), (1, 46), (1, 36), (1, 10), (0, 10), (0, 2), (10, 16), (10, 39), (9, 21), (1, 14), (11, 4), (10, 41), (3, 1), (3, 16), (2, 10), (10, 0), (4, 24), (9, 42), (0, 27), (3, 36), (0, 50), (2, 18), (0, 26), (0, 49), (10, 18), (8, 18), (1, 1), (1, 30), (10, 50), (1, 50), (11, 45), (1, 26), (11, 6), (1, 32), (0, 12), (3, 17), (0, 45), (11, 19), (10, 7), (2, 33), (9, 2), (10, 19), (11, 12), (9, 6), (0, 40)]
89881-INFO-2019-08-24 16:56:40,817- Compressions Number for ONLY the layer 48: New Memory: 0.163787841796875, Original Memory: 0.5625, Ratio Original/new: 3.4343208496366686
89881-INFO-2019-08-24 16:56:40,817-Total Compression inclusive of all Layers that you have selected
89881-INFO-2019-08-24 16:56:40,818-Total new space: 0.4208221435546875, Total old space 1.44140625, Total Ratio: 3.4252148373762648
89881-INFO-2019-08-24 16:56:42,364-CONVOLUTION--Loss: 1.9358946739196778,Accuracy= 0.36910000443458557
89881-INFO-2019-08-24 16:56:42,364-CONVOLUTION --COMPRESSION NUMBER: 4
89881-INFO-2019-08-24 16:56:42,364-****** Compressing 30 *********
89881-INFO-2019-08-24 16:56:42,364-CONVOLUTION-- Using Conversion Type: Toeplitz ,Order By Central Tendency:mean Conversion with ratio: 0.5 
89881-INFO-2019-08-24 16:56:42,459-CONVOLUTION--Number of uncompressed blocks: 21, Number of compressed blocks: 321
89881-INFO-2019-08-24 16:56:42,459-CONVOLUTION--Uncompressed blocks: [(3, 3), (5, 29), (5, 14), (4, 34), (5, 2), (3, 28), (3, 25), (3, 12), (4, 25), (4, 35), (3, 30), (4, 8), (5, 28), (4, 7), (4, 30), (3, 17), (3, 15), (3, 14), (4, 14), (3, 36), (4, 36)], Compressed blocks: [(2, 15), (7, 30), (6, 24), (8, 23), (0, 1), (0, 17), (2, 14), (8, 4), (7, 24), (3, 26), (5, 31), (1, 1), (0, 18), (1, 0), (2, 2), (1, 23), (2, 28), (1, 37), (1, 24), (5, 15), (7, 17), (1, 22), (2, 18), (2, 5), (7, 21), (7, 2), (0, 32), (6, 4), (2, 3), (8, 26), (2, 12), (0, 10), (8, 14), (7, 4), (6, 37), (1, 11), (1, 8), (2, 13), (6, 19), (8, 36), (5, 17), (5, 24), (1, 5), (1, 31), (7, 3), (0, 15), (0, 13), (1, 32), (7, 20), (7, 25)]
89881-INFO-2019-08-24 16:56:42,459- Compressions Number for ONLY the layer 30: New Memory: 0.07762527465820312, Original Memory: 0.31640625, Ratio Original/new: 4.076072534276869
89881-INFO-2019-08-24 16:56:42,459-****** Compressing 42 *********
89881-INFO-2019-08-24 16:56:42,460-CONVOLUTION-- Using Conversion Type: Toeplitz ,Order By Central Tendency:mean Conversion with ratio: 0.5 
89881-INFO-2019-08-24 16:56:42,629-CONVOLUTION--Number of uncompressed blocks: 38, Number of compressed blocks: 574
89881-INFO-2019-08-24 16:56:42,630-CONVOLUTION--Uncompressed blocks: [(6, 40), (6, 12), (5, 32), (5, 49), (4, 10), (7, 23), (5, 39), (5, 35), (7, 22), (7, 38), (7, 29), (6, 29), (7, 24), (5, 24), (5, 7), (7, 13), (7, 43), (8, 12), (7, 34), (5, 47), (5, 44), (5, 27), (5, 41), (5, 31), (7, 7)], Compressed blocks: [(0, 46), (11, 21), (3, 15), (9, 40), (3, 0), (10, 16), (3, 40), (11, 10), (1, 21), (10, 29), (8, 16), (1, 28), (11, 42), (0, 1), (10, 44), (11, 24), (0, 38), (2, 37), (10, 26), (11, 11), (11, 22), (11, 44), (8, 23), (1, 26), (8, 30), (0, 25), (0, 21), (11, 14), (9, 3), (9, 19), (1, 31), (2, 20), (2, 30), (8, 33), (10, 45), (4, 11), (9, 16), (9, 28), (0, 18), (9, 39), (6, 42), (9, 44), (0, 7), (11, 41), (9, 13), (9, 14), (1, 4), (9, 50), (11, 29), (8, 45)]
89881-INFO-2019-08-24 16:56:42,630- Compressions Number for ONLY the layer 42: New Memory: 0.13552093505859375, Original Memory: 0.5625, Ratio Original/new: 4.150650228002027
89881-INFO-2019-08-24 16:56:42,630-****** Compressing 48 *********
89881-INFO-2019-08-24 16:56:42,630-CONVOLUTION-- Using Conversion Type: Toeplitz ,Order By Central Tendency:mean Conversion with ratio: 0.5 
89881-INFO-2019-08-24 16:56:42,798-CONVOLUTION--Number of uncompressed blocks: 38, Number of compressed blocks: 574
89881-INFO-2019-08-24 16:56:42,798-CONVOLUTION--Uncompressed blocks: [(7, 48), (7, 3), (5, 39), (5, 9), (6, 50), (7, 39), (6, 26), (6, 21), (5, 26), (7, 31), (7, 1), (5, 21), (5, 8), (4, 17), (7, 43), (5, 22), (5, 31), (6, 41), (6, 13), (5, 17), (7, 27), (6, 31), (7, 26), (6, 27), (7, 17)], Compressed blocks: [(2, 29), (8, 25), (10, 48), (3, 8), (8, 41), (2, 40), (1, 46), (1, 36), (1, 10), (0, 10), (0, 2), (10, 16), (10, 39), (9, 21), (1, 14), (11, 4), (10, 41), (3, 1), (3, 16), (2, 10), (10, 0), (4, 24), (9, 42), (0, 27), (3, 36), (0, 50), (2, 18), (0, 26), (0, 49), (10, 18), (8, 18), (1, 1), (1, 30), (10, 50), (1, 50), (11, 45), (1, 26), (11, 6), (1, 32), (0, 12), (3, 17), (0, 45), (11, 19), (10, 7), (2, 33), (9, 2), (10, 19), (11, 12), (9, 6), (0, 40)]
89881-INFO-2019-08-24 16:56:42,799- Compressions Number for ONLY the layer 48: New Memory: 0.13552093505859375, Original Memory: 0.5625, Ratio Original/new: 4.150650228002027
89881-INFO-2019-08-24 16:56:42,799-Total Compression inclusive of all Layers that you have selected
89881-INFO-2019-08-24 16:56:42,799-Total new space: 0.3486671447753906, Total old space 1.44140625, Total Ratio: 4.134046673449962
89881-INFO-2019-08-24 16:56:44,339-CONVOLUTION--Loss: 1.9880983409881592,Accuracy= 0.36390000581741333
89881-INFO-2019-08-24 16:56:44,339-CONVOLUTION --COMPRESSION NUMBER: 5
89881-INFO-2019-08-24 16:56:44,339-****** Compressing 30 *********
89881-INFO-2019-08-24 16:56:44,339-CONVOLUTION-- Using Conversion Type: Toeplitz ,Order By Central Tendency:mean Conversion with ratio: 0.5 
89881-INFO-2019-08-24 16:56:44,392-CONVOLUTION--Number of uncompressed blocks: 10, Number of compressed blocks: 332
89881-INFO-2019-08-24 16:56:44,392-CONVOLUTION--Uncompressed blocks: [(4, 8), (5, 28), (4, 7), (4, 30), (3, 17), (3, 15), (3, 14), (4, 14), (3, 36), (4, 36)], Compressed blocks: [(2, 15), (7, 30), (6, 24), (8, 23), (0, 1), (0, 17), (2, 14), (8, 4), (7, 24), (3, 26), (5, 31), (1, 1), (0, 18), (1, 0), (2, 2), (1, 23), (2, 28), (1, 37), (1, 24), (5, 15), (7, 17), (1, 22), (2, 18), (2, 5), (7, 21), (7, 2), (0, 32), (6, 4), (2, 3), (8, 26), (2, 12), (0, 10), (8, 14), (7, 4), (6, 37), (1, 11), (1, 8), (2, 13), (6, 19), (8, 36), (5, 17), (5, 24), (1, 5), (1, 31), (7, 3), (0, 15), (0, 13), (1, 32), (7, 20), (7, 25)]
89881-INFO-2019-08-24 16:56:44,392- Compressions Number for ONLY the layer 30: New Memory: 0.0694427490234375, Original Memory: 0.31640625, Ratio Original/new: 4.556361239288068
89881-INFO-2019-08-24 16:56:44,392-****** Compressing 42 *********
89881-INFO-2019-08-24 16:56:44,392-CONVOLUTION-- Using Conversion Type: Toeplitz ,Order By Central Tendency:mean Conversion with ratio: 0.5 
89881-INFO-2019-08-24 16:56:44,486-CONVOLUTION--Number of uncompressed blocks: 19, Number of compressed blocks: 593
89881-INFO-2019-08-24 16:56:44,487-CONVOLUTION--Uncompressed blocks: [(5, 39), (5, 35), (7, 22), (7, 38), (7, 29), (6, 29), (7, 24), (5, 24), (5, 7), (7, 13), (7, 43), (8, 12), (7, 34), (5, 47), (5, 44), (5, 27), (5, 41), (5, 31), (7, 7)], Compressed blocks: [(0, 46), (11, 21), (3, 15), (9, 40), (3, 0), (10, 16), (3, 40), (11, 10), (1, 21), (10, 29), (8, 16), (1, 28), (11, 42), (0, 1), (10, 44), (11, 24), (0, 38), (2, 37), (10, 26), (11, 11), (11, 22), (11, 44), (8, 23), (1, 26), (8, 30), (0, 25), (0, 21), (11, 14), (9, 3), (9, 19), (1, 31), (2, 20), (2, 30), (8, 33), (10, 45), (4, 11), (9, 16), (9, 28), (0, 18), (9, 39), (6, 42), (9, 44), (0, 7), (11, 41), (9, 13), (9, 14), (1, 4), (9, 50), (11, 29), (8, 45)]
89881-INFO-2019-08-24 16:56:44,487- Compressions Number for ONLY the layer 42: New Memory: 0.12138748168945312, Original Memory: 0.5625, Ratio Original/new: 4.633920995568964
89881-INFO-2019-08-24 16:56:44,487-****** Compressing 48 *********
89881-INFO-2019-08-24 16:56:44,487-CONVOLUTION-- Using Conversion Type: Toeplitz ,Order By Central Tendency:mean Conversion with ratio: 0.5 
89881-INFO-2019-08-24 16:56:44,584-CONVOLUTION--Number of uncompressed blocks: 19, Number of compressed blocks: 593
89881-INFO-2019-08-24 16:56:44,584-CONVOLUTION--Uncompressed blocks: [(6, 26), (6, 21), (5, 26), (7, 31), (7, 1), (5, 21), (5, 8), (4, 17), (7, 43), (5, 22), (5, 31), (6, 41), (6, 13), (5, 17), (7, 27), (6, 31), (7, 26), (6, 27), (7, 17)], Compressed blocks: [(2, 29), (8, 25), (10, 48), (3, 8), (8, 41), (2, 40), (1, 46), (1, 36), (1, 10), (0, 10), (0, 2), (10, 16), (10, 39), (9, 21), (1, 14), (11, 4), (10, 41), (3, 1), (3, 16), (2, 10), (10, 0), (4, 24), (9, 42), (0, 27), (3, 36), (0, 50), (2, 18), (0, 26), (0, 49), (10, 18), (8, 18), (1, 1), (1, 30), (10, 50), (1, 50), (11, 45), (1, 26), (11, 6), (1, 32), (0, 12), (3, 17), (0, 45), (11, 19), (10, 7), (2, 33), (9, 2), (10, 19), (11, 12), (9, 6), (0, 40)]
89881-INFO-2019-08-24 16:56:44,584- Compressions Number for ONLY the layer 48: New Memory: 0.12138748168945312, Original Memory: 0.5625, Ratio Original/new: 4.633920995568964
89881-INFO-2019-08-24 16:56:44,584-Total Compression inclusive of all Layers that you have selected
89881-INFO-2019-08-24 16:56:44,584-Total new space: 0.31221771240234375, Total old space 1.44140625, Total Ratio: 4.61667033208709
89881-INFO-2019-08-24 16:56:46,105-CONVOLUTION--Loss: 2.027145135498047,Accuracy= 0.3596999943256378
89881-INFO-2019-08-24 16:56:46,105-CONVOLUTION --COMPRESSION NUMBER: 6
89881-INFO-2019-08-24 16:56:46,105-****** Compressing 30 *********
89881-INFO-2019-08-24 16:56:46,105-CONVOLUTION-- Using Conversion Type: Toeplitz ,Order By Central Tendency:mean Conversion with ratio: 0.5 
89881-INFO-2019-08-24 16:56:46,130-CONVOLUTION--Number of uncompressed blocks: 5, Number of compressed blocks: 337
89881-INFO-2019-08-24 16:56:46,131-CONVOLUTION--Uncompressed blocks: [(3, 15), (3, 14), (4, 14), (3, 36), (4, 36)], Compressed blocks: [(2, 15), (7, 30), (6, 24), (8, 23), (0, 1), (0, 17), (2, 14), (8, 4), (7, 24), (3, 26), (5, 31), (1, 1), (0, 18), (1, 0), (2, 2), (1, 23), (2, 28), (1, 37), (1, 24), (5, 15), (7, 17), (1, 22), (2, 18), (2, 5), (7, 21), (7, 2), (0, 32), (6, 4), (2, 3), (8, 26), (2, 12), (0, 10), (8, 14), (7, 4), (6, 37), (1, 11), (1, 8), (2, 13), (6, 19), (8, 36), (5, 17), (5, 24), (1, 5), (1, 31), (7, 3), (0, 15), (0, 13), (1, 32), (7, 20), (7, 25)]
89881-INFO-2019-08-24 16:56:46,131- Compressions Number for ONLY the layer 30: New Memory: 0.06572341918945312, Original Memory: 0.31640625, Ratio Original/new: 4.814208601776075
89881-INFO-2019-08-24 16:56:46,131-****** Compressing 42 *********
89881-INFO-2019-08-24 16:56:46,131-CONVOLUTION-- Using Conversion Type: Toeplitz ,Order By Central Tendency:mean Conversion with ratio: 0.5 
89881-INFO-2019-08-24 16:56:46,181-CONVOLUTION--Number of uncompressed blocks: 9, Number of compressed blocks: 603
89881-INFO-2019-08-24 16:56:46,181-CONVOLUTION--Uncompressed blocks: [(7, 43), (8, 12), (7, 34), (5, 47), (5, 44), (5, 27), (5, 41), (5, 31), (7, 7)], Compressed blocks: [(0, 46), (11, 21), (3, 15), (9, 40), (3, 0), (10, 16), (3, 40), (11, 10), (1, 21), (10, 29), (8, 16), (1, 28), (11, 42), (0, 1), (10, 44), (11, 24), (0, 38), (2, 37), (10, 26), (11, 11), (11, 22), (11, 44), (8, 23), (1, 26), (8, 30), (0, 25), (0, 21), (11, 14), (9, 3), (9, 19), (1, 31), (2, 20), (2, 30), (8, 33), (10, 45), (4, 11), (9, 16), (9, 28), (0, 18), (9, 39), (6, 42), (9, 44), (0, 7), (11, 41), (9, 13), (9, 14), (1, 4), (9, 50), (11, 29), (8, 45)]
89881-INFO-2019-08-24 16:56:46,181- Compressions Number for ONLY the layer 42: New Memory: 0.11394882202148438, Original Memory: 0.5625, Ratio Original/new: 4.936426634528472
89881-INFO-2019-08-24 16:56:46,181-****** Compressing 48 *********
89881-INFO-2019-08-24 16:56:46,181-CONVOLUTION-- Using Conversion Type: Toeplitz ,Order By Central Tendency:mean Conversion with ratio: 0.5 
89881-INFO-2019-08-24 16:56:46,229-CONVOLUTION--Number of uncompressed blocks: 9, Number of compressed blocks: 603
89881-INFO-2019-08-24 16:56:46,229-CONVOLUTION--Uncompressed blocks: [(5, 31), (6, 41), (6, 13), (5, 17), (7, 27), (6, 31), (7, 26), (6, 27), (7, 17)], Compressed blocks: [(2, 29), (8, 25), (10, 48), (3, 8), (8, 41), (2, 40), (1, 46), (1, 36), (1, 10), (0, 10), (0, 2), (10, 16), (10, 39), (9, 21), (1, 14), (11, 4), (10, 41), (3, 1), (3, 16), (2, 10), (10, 0), (4, 24), (9, 42), (0, 27), (3, 36), (0, 50), (2, 18), (0, 26), (0, 49), (10, 18), (8, 18), (1, 1), (1, 30), (10, 50), (1, 50), (11, 45), (1, 26), (11, 6), (1, 32), (0, 12), (3, 17), (0, 45), (11, 19), (10, 7), (2, 33), (9, 2), (10, 19), (11, 12), (9, 6), (0, 40)]
89881-INFO-2019-08-24 16:56:46,230- Compressions Number for ONLY the layer 48: New Memory: 0.11394882202148438, Original Memory: 0.5625, Ratio Original/new: 4.936426634528472
89881-INFO-2019-08-24 16:56:46,230-Total Compression inclusive of all Layers that you have selected
89881-INFO-2019-08-24 16:56:46,230-Total new space: 0.2936210632324219, Total old space 1.44140625, Total Ratio: 4.909069649608294
89881-INFO-2019-08-24 16:56:47,824-CONVOLUTION--Loss: 2.0502572662353518,Accuracy= 0.35569998621940613
