89464-INFO-2019-08-24 16:26:21,655-######## SQUEEZENET  WALTing Compression

89464-INFO-2019-08-24 16:26:21,655-squeezenet_cifar10_83879
89464-INFO-2019-08-24 16:26:24,876- USING ORDERBY_CALLBACK 
89464-INFO-2019-08-24 16:26:24,966- CONVOLUTION--INITIAL STATE OF PARAMETERS: Block Size: (15, 15) 
 Order : True  Order by metric : mean 
 Leniency: 0.05 
 Conversion Type: Toeplitz 
 Stepping_Ratio = 0.5 
 Absolute: True 
 
89464-INFO-2019-08-24 16:26:26,922-CONVOLUTION --COMPRESSION NUMBER: 1
89464-INFO-2019-08-24 16:26:26,922-****** Compressing 30 *********
89464-INFO-2019-08-24 16:26:26,922-CONVOLUTION-- Using Conversion Type: Toeplitz ,Order By Central Tendency:mean Conversion with ratio: 0.5 
89464-INFO-2019-08-24 16:26:27,580-CONVOLUTION--Number of uncompressed blocks: 171, Number of compressed blocks: 171
89464-INFO-2019-08-24 16:26:27,581-CONVOLUTION--Uncompressed blocks: [(5, 5), (5, 37), (5, 21), (4, 29), (3, 3), (5, 29), (5, 14), (4, 34), (5, 2), (3, 28), (3, 25), (3, 12), (4, 25), (4, 35), (3, 30), (4, 8), (5, 28), (4, 7), (4, 30), (3, 17), (3, 15), (3, 14), (4, 14), (3, 36), (4, 36)], Compressed blocks: [(2, 15), (7, 30), (6, 24), (8, 23), (0, 1), (0, 17), (2, 14), (8, 4), (7, 24), (3, 26), (5, 31), (1, 1), (0, 18), (1, 0), (2, 2), (1, 23), (2, 28), (1, 37), (1, 24), (5, 15), (7, 17), (1, 22), (2, 18), (2, 5), (7, 21), (7, 2), (0, 32), (6, 4), (2, 3), (8, 26), (2, 12), (0, 10), (8, 14), (7, 4), (6, 37), (1, 11), (1, 8), (2, 13), (6, 19), (8, 36), (5, 17), (5, 24), (1, 5), (1, 31), (7, 3), (0, 15), (0, 13), (1, 32), (7, 20), (7, 25)]
89464-INFO-2019-08-24 16:26:27,581- Compressions Number for ONLY the layer 30: New Memory: 0.18920516967773438, Original Memory: 0.6328125, Ratio Original/new: 3.3445835601524223
89464-INFO-2019-08-24 16:26:27,581-****** Compressing 42 *********
89464-INFO-2019-08-24 16:26:27,581-CONVOLUTION-- Using Conversion Type: Toeplitz ,Order By Central Tendency:mean Conversion with ratio: 0.5 
89464-INFO-2019-08-24 16:26:28,770-CONVOLUTION--Number of uncompressed blocks: 306, Number of compressed blocks: 306
89464-INFO-2019-08-24 16:26:28,770-CONVOLUTION--Uncompressed blocks: [(6, 40), (6, 12), (5, 32), (5, 49), (4, 10), (7, 23), (5, 39), (5, 35), (7, 22), (7, 38), (7, 29), (6, 29), (7, 24), (5, 24), (5, 7), (7, 13), (7, 43), (8, 12), (7, 34), (5, 47), (5, 44), (5, 27), (5, 41), (5, 31), (7, 7)], Compressed blocks: [(0, 46), (11, 21), (3, 15), (9, 40), (3, 0), (10, 16), (3, 40), (11, 10), (1, 21), (10, 29), (8, 16), (1, 28), (11, 42), (0, 1), (10, 44), (11, 24), (0, 38), (2, 37), (10, 26), (11, 11), (11, 22), (11, 44), (8, 23), (1, 26), (8, 30), (0, 25), (0, 21), (11, 14), (9, 3), (9, 19), (1, 31), (2, 20), (2, 30), (8, 33), (10, 45), (4, 11), (9, 16), (9, 28), (0, 18), (9, 39), (6, 42), (9, 44), (0, 7), (11, 41), (9, 13), (9, 14), (1, 4), (9, 50), (11, 29), (8, 45)]
89464-INFO-2019-08-24 16:26:28,771- Compressions Number for ONLY the layer 42: New Memory: 0.33487701416015625, Original Memory: 1.125, Ratio Original/new: 3.3594422800902195
89464-INFO-2019-08-24 16:26:28,771-****** Compressing 48 *********
89464-INFO-2019-08-24 16:26:28,771-CONVOLUTION-- Using Conversion Type: Toeplitz ,Order By Central Tendency:mean Conversion with ratio: 0.5 
89464-INFO-2019-08-24 16:26:30,043-CONVOLUTION--Number of uncompressed blocks: 306, Number of compressed blocks: 306
89464-INFO-2019-08-24 16:26:30,044-CONVOLUTION--Uncompressed blocks: [(7, 48), (7, 3), (5, 39), (5, 9), (6, 50), (7, 39), (6, 26), (6, 21), (5, 26), (7, 31), (7, 1), (5, 21), (5, 8), (4, 17), (7, 43), (5, 22), (5, 31), (6, 41), (6, 13), (5, 17), (7, 27), (6, 31), (7, 26), (6, 27), (7, 17)], Compressed blocks: [(2, 29), (8, 25), (10, 48), (3, 8), (8, 41), (2, 40), (1, 46), (1, 36), (1, 10), (0, 10), (0, 2), (10, 16), (10, 39), (9, 21), (1, 14), (11, 4), (10, 41), (3, 1), (3, 16), (2, 10), (10, 0), (4, 24), (9, 42), (0, 27), (3, 36), (0, 50), (2, 18), (0, 26), (0, 49), (10, 18), (8, 18), (1, 1), (1, 30), (10, 50), (1, 50), (11, 45), (1, 26), (11, 6), (1, 32), (0, 12), (3, 17), (0, 45), (11, 19), (10, 7), (2, 33), (9, 2), (10, 19), (11, 12), (9, 6), (0, 40)]
89464-INFO-2019-08-24 16:26:30,044- Compressions Number for ONLY the layer 48: New Memory: 0.33487701416015625, Original Memory: 1.125, Ratio Original/new: 3.3594422800902195
89464-INFO-2019-08-24 16:26:30,044-Total Compression inclusive of all Layers that you have selected
89464-INFO-2019-08-24 16:26:30,044-Total new space: 0.8589591979980469, Total old space 2.8828125, Total Ratio: 3.356169311323394
89464-INFO-2019-08-24 16:26:31,853-CONVOLUTION--Loss: 1.8207545154571534,Accuracy= 0.37709999084472656
89464-INFO-2019-08-24 16:26:31,854-CONVOLUTION --COMPRESSION NUMBER: 2
89464-INFO-2019-08-24 16:26:31,854-****** Compressing 30 *********
89464-INFO-2019-08-24 16:26:31,854-CONVOLUTION-- Using Conversion Type: Toeplitz ,Order By Central Tendency:mean Conversion with ratio: 0.5 
89464-INFO-2019-08-24 16:26:32,200-CONVOLUTION--Number of uncompressed blocks: 85, Number of compressed blocks: 257
89464-INFO-2019-08-24 16:26:32,200-CONVOLUTION--Uncompressed blocks: [(5, 5), (5, 37), (5, 21), (4, 29), (3, 3), (5, 29), (5, 14), (4, 34), (5, 2), (3, 28), (3, 25), (3, 12), (4, 25), (4, 35), (3, 30), (4, 8), (5, 28), (4, 7), (4, 30), (3, 17), (3, 15), (3, 14), (4, 14), (3, 36), (4, 36)], Compressed blocks: [(2, 15), (7, 30), (6, 24), (8, 23), (0, 1), (0, 17), (2, 14), (8, 4), (7, 24), (3, 26), (5, 31), (1, 1), (0, 18), (1, 0), (2, 2), (1, 23), (2, 28), (1, 37), (1, 24), (5, 15), (7, 17), (1, 22), (2, 18), (2, 5), (7, 21), (7, 2), (0, 32), (6, 4), (2, 3), (8, 26), (2, 12), (0, 10), (8, 14), (7, 4), (6, 37), (1, 11), (1, 8), (2, 13), (6, 19), (8, 36), (5, 17), (5, 24), (1, 5), (1, 31), (7, 3), (0, 15), (0, 13), (1, 32), (7, 20), (7, 25)]
89464-INFO-2019-08-24 16:26:32,200- Compressions Number for ONLY the layer 30: New Memory: 0.12523269653320312, Original Memory: 0.6328125, Ratio Original/new: 5.053093301654026
89464-INFO-2019-08-24 16:26:32,200-****** Compressing 42 *********
89464-INFO-2019-08-24 16:26:32,200-CONVOLUTION-- Using Conversion Type: Toeplitz ,Order By Central Tendency:mean Conversion with ratio: 0.5 
89464-INFO-2019-08-24 16:26:32,801-CONVOLUTION--Number of uncompressed blocks: 153, Number of compressed blocks: 459
89464-INFO-2019-08-24 16:26:32,801-CONVOLUTION--Uncompressed blocks: [(6, 40), (6, 12), (5, 32), (5, 49), (4, 10), (7, 23), (5, 39), (5, 35), (7, 22), (7, 38), (7, 29), (6, 29), (7, 24), (5, 24), (5, 7), (7, 13), (7, 43), (8, 12), (7, 34), (5, 47), (5, 44), (5, 27), (5, 41), (5, 31), (7, 7)], Compressed blocks: [(0, 46), (11, 21), (3, 15), (9, 40), (3, 0), (10, 16), (3, 40), (11, 10), (1, 21), (10, 29), (8, 16), (1, 28), (11, 42), (0, 1), (10, 44), (11, 24), (0, 38), (2, 37), (10, 26), (11, 11), (11, 22), (11, 44), (8, 23), (1, 26), (8, 30), (0, 25), (0, 21), (11, 14), (9, 3), (9, 19), (1, 31), (2, 20), (2, 30), (8, 33), (10, 45), (4, 11), (9, 16), (9, 28), (0, 18), (9, 39), (6, 42), (9, 44), (0, 7), (11, 41), (9, 13), (9, 14), (1, 4), (9, 50), (11, 29), (8, 45)]
89464-INFO-2019-08-24 16:26:32,801- Compressions Number for ONLY the layer 42: New Memory: 0.22106552124023438, Original Memory: 1.125, Ratio Original/new: 5.088988973443081
89464-INFO-2019-08-24 16:26:32,802-****** Compressing 48 *********
89464-INFO-2019-08-24 16:26:32,802-CONVOLUTION-- Using Conversion Type: Toeplitz ,Order By Central Tendency:mean Conversion with ratio: 0.5 
89464-INFO-2019-08-24 16:26:33,412-CONVOLUTION--Number of uncompressed blocks: 153, Number of compressed blocks: 459
89464-INFO-2019-08-24 16:26:33,412-CONVOLUTION--Uncompressed blocks: [(7, 48), (7, 3), (5, 39), (5, 9), (6, 50), (7, 39), (6, 26), (6, 21), (5, 26), (7, 31), (7, 1), (5, 21), (5, 8), (4, 17), (7, 43), (5, 22), (5, 31), (6, 41), (6, 13), (5, 17), (7, 27), (6, 31), (7, 26), (6, 27), (7, 17)], Compressed blocks: [(2, 29), (8, 25), (10, 48), (3, 8), (8, 41), (2, 40), (1, 46), (1, 36), (1, 10), (0, 10), (0, 2), (10, 16), (10, 39), (9, 21), (1, 14), (11, 4), (10, 41), (3, 1), (3, 16), (2, 10), (10, 0), (4, 24), (9, 42), (0, 27), (3, 36), (0, 50), (2, 18), (0, 26), (0, 49), (10, 18), (8, 18), (1, 1), (1, 30), (10, 50), (1, 50), (11, 45), (1, 26), (11, 6), (1, 32), (0, 12), (3, 17), (0, 45), (11, 19), (10, 7), (2, 33), (9, 2), (10, 19), (11, 12), (9, 6), (0, 40)]
89464-INFO-2019-08-24 16:26:33,412- Compressions Number for ONLY the layer 48: New Memory: 0.22106552124023438, Original Memory: 1.125, Ratio Original/new: 5.088988973443081
89464-INFO-2019-08-24 16:26:33,413-Total Compression inclusive of all Layers that you have selected
89464-INFO-2019-08-24 16:26:33,413-Total new space: 0.5673637390136719, Total old space 2.8828125, Total Ratio: 5.081065816810215
89464-INFO-2019-08-24 16:26:35,113-CONVOLUTION--Loss: 1.8607564052581786,Accuracy= 0.3756999969482422
89464-INFO-2019-08-24 16:26:35,113-CONVOLUTION --COMPRESSION NUMBER: 3
89464-INFO-2019-08-24 16:26:35,113-****** Compressing 30 *********
89464-INFO-2019-08-24 16:26:35,113-CONVOLUTION-- Using Conversion Type: Toeplitz ,Order By Central Tendency:mean Conversion with ratio: 0.5 
89464-INFO-2019-08-24 16:26:35,281-CONVOLUTION--Number of uncompressed blocks: 42, Number of compressed blocks: 300
89464-INFO-2019-08-24 16:26:35,282-CONVOLUTION--Uncompressed blocks: [(5, 5), (5, 37), (5, 21), (4, 29), (3, 3), (5, 29), (5, 14), (4, 34), (5, 2), (3, 28), (3, 25), (3, 12), (4, 25), (4, 35), (3, 30), (4, 8), (5, 28), (4, 7), (4, 30), (3, 17), (3, 15), (3, 14), (4, 14), (3, 36), (4, 36)], Compressed blocks: [(2, 15), (7, 30), (6, 24), (8, 23), (0, 1), (0, 17), (2, 14), (8, 4), (7, 24), (3, 26), (5, 31), (1, 1), (0, 18), (1, 0), (2, 2), (1, 23), (2, 28), (1, 37), (1, 24), (5, 15), (7, 17), (1, 22), (2, 18), (2, 5), (7, 21), (7, 2), (0, 32), (6, 4), (2, 3), (8, 26), (2, 12), (0, 10), (8, 14), (7, 4), (6, 37), (1, 11), (1, 8), (2, 13), (6, 19), (8, 36), (5, 17), (5, 24), (1, 5), (1, 31), (7, 3), (0, 15), (0, 13), (1, 32), (7, 20), (7, 25)]
89464-INFO-2019-08-24 16:26:35,282- Compressions Number for ONLY the layer 30: New Memory: 0.0932464599609375, Original Memory: 0.6328125, Ratio Original/new: 6.786450662739322
89464-INFO-2019-08-24 16:26:35,282-****** Compressing 42 *********
89464-INFO-2019-08-24 16:26:35,282-CONVOLUTION-- Using Conversion Type: Toeplitz ,Order By Central Tendency:mean Conversion with ratio: 0.5 
89464-INFO-2019-08-24 16:26:35,650-CONVOLUTION--Number of uncompressed blocks: 76, Number of compressed blocks: 536
89464-INFO-2019-08-24 16:26:35,650-CONVOLUTION--Uncompressed blocks: [(6, 40), (6, 12), (5, 32), (5, 49), (4, 10), (7, 23), (5, 39), (5, 35), (7, 22), (7, 38), (7, 29), (6, 29), (7, 24), (5, 24), (5, 7), (7, 13), (7, 43), (8, 12), (7, 34), (5, 47), (5, 44), (5, 27), (5, 41), (5, 31), (7, 7)], Compressed blocks: [(0, 46), (11, 21), (3, 15), (9, 40), (3, 0), (10, 16), (3, 40), (11, 10), (1, 21), (10, 29), (8, 16), (1, 28), (11, 42), (0, 1), (10, 44), (11, 24), (0, 38), (2, 37), (10, 26), (11, 11), (11, 22), (11, 44), (8, 23), (1, 26), (8, 30), (0, 25), (0, 21), (11, 14), (9, 3), (9, 19), (1, 31), (2, 20), (2, 30), (8, 33), (10, 45), (4, 11), (9, 16), (9, 28), (0, 18), (9, 39), (6, 42), (9, 44), (0, 7), (11, 41), (9, 13), (9, 14), (1, 4), (9, 50), (11, 29), (8, 45)]
89464-INFO-2019-08-24 16:26:35,650- Compressions Number for ONLY the layer 42: New Memory: 0.163787841796875, Original Memory: 1.125, Ratio Original/new: 6.868641699273337
89464-INFO-2019-08-24 16:26:35,650-****** Compressing 48 *********
89464-INFO-2019-08-24 16:26:35,651-CONVOLUTION-- Using Conversion Type: Toeplitz ,Order By Central Tendency:mean Conversion with ratio: 0.5 
89464-INFO-2019-08-24 16:26:36,011-CONVOLUTION--Number of uncompressed blocks: 76, Number of compressed blocks: 536
89464-INFO-2019-08-24 16:26:36,012-CONVOLUTION--Uncompressed blocks: [(7, 48), (7, 3), (5, 39), (5, 9), (6, 50), (7, 39), (6, 26), (6, 21), (5, 26), (7, 31), (7, 1), (5, 21), (5, 8), (4, 17), (7, 43), (5, 22), (5, 31), (6, 41), (6, 13), (5, 17), (7, 27), (6, 31), (7, 26), (6, 27), (7, 17)], Compressed blocks: [(2, 29), (8, 25), (10, 48), (3, 8), (8, 41), (2, 40), (1, 46), (1, 36), (1, 10), (0, 10), (0, 2), (10, 16), (10, 39), (9, 21), (1, 14), (11, 4), (10, 41), (3, 1), (3, 16), (2, 10), (10, 0), (4, 24), (9, 42), (0, 27), (3, 36), (0, 50), (2, 18), (0, 26), (0, 49), (10, 18), (8, 18), (1, 1), (1, 30), (10, 50), (1, 50), (11, 45), (1, 26), (11, 6), (1, 32), (0, 12), (3, 17), (0, 45), (11, 19), (10, 7), (2, 33), (9, 2), (10, 19), (11, 12), (9, 6), (0, 40)]
89464-INFO-2019-08-24 16:26:36,012- Compressions Number for ONLY the layer 48: New Memory: 0.163787841796875, Original Memory: 1.125, Ratio Original/new: 6.868641699273337
89464-INFO-2019-08-24 16:26:36,012-Total Compression inclusive of all Layers that you have selected
89464-INFO-2019-08-24 16:26:36,012-Total new space: 0.4208221435546875, Total old space 2.8828125, Total Ratio: 6.8504296747525295
89464-INFO-2019-08-24 16:26:37,843-CONVOLUTION--Loss: 1.9358946739196778,Accuracy= 0.36910000443458557
89464-INFO-2019-08-24 16:26:37,844-CONVOLUTION --COMPRESSION NUMBER: 4
89464-INFO-2019-08-24 16:26:37,844-****** Compressing 30 *********
89464-INFO-2019-08-24 16:26:37,844-CONVOLUTION-- Using Conversion Type: Toeplitz ,Order By Central Tendency:mean Conversion with ratio: 0.5 
89464-INFO-2019-08-24 16:26:37,940-CONVOLUTION--Number of uncompressed blocks: 21, Number of compressed blocks: 321
89464-INFO-2019-08-24 16:26:37,940-CONVOLUTION--Uncompressed blocks: [(3, 3), (5, 29), (5, 14), (4, 34), (5, 2), (3, 28), (3, 25), (3, 12), (4, 25), (4, 35), (3, 30), (4, 8), (5, 28), (4, 7), (4, 30), (3, 17), (3, 15), (3, 14), (4, 14), (3, 36), (4, 36)], Compressed blocks: [(2, 15), (7, 30), (6, 24), (8, 23), (0, 1), (0, 17), (2, 14), (8, 4), (7, 24), (3, 26), (5, 31), (1, 1), (0, 18), (1, 0), (2, 2), (1, 23), (2, 28), (1, 37), (1, 24), (5, 15), (7, 17), (1, 22), (2, 18), (2, 5), (7, 21), (7, 2), (0, 32), (6, 4), (2, 3), (8, 26), (2, 12), (0, 10), (8, 14), (7, 4), (6, 37), (1, 11), (1, 8), (2, 13), (6, 19), (8, 36), (5, 17), (5, 24), (1, 5), (1, 31), (7, 3), (0, 15), (0, 13), (1, 32), (7, 20), (7, 25)]
89464-INFO-2019-08-24 16:26:37,940- Compressions Number for ONLY the layer 30: New Memory: 0.07762527465820312, Original Memory: 0.6328125, Ratio Original/new: 8.152145068553738
89464-INFO-2019-08-24 16:26:37,940-****** Compressing 42 *********
89464-INFO-2019-08-24 16:26:37,941-CONVOLUTION-- Using Conversion Type: Toeplitz ,Order By Central Tendency:mean Conversion with ratio: 0.5 
89464-INFO-2019-08-24 16:26:38,107-CONVOLUTION--Number of uncompressed blocks: 38, Number of compressed blocks: 574
89464-INFO-2019-08-24 16:26:38,107-CONVOLUTION--Uncompressed blocks: [(6, 40), (6, 12), (5, 32), (5, 49), (4, 10), (7, 23), (5, 39), (5, 35), (7, 22), (7, 38), (7, 29), (6, 29), (7, 24), (5, 24), (5, 7), (7, 13), (7, 43), (8, 12), (7, 34), (5, 47), (5, 44), (5, 27), (5, 41), (5, 31), (7, 7)], Compressed blocks: [(0, 46), (11, 21), (3, 15), (9, 40), (3, 0), (10, 16), (3, 40), (11, 10), (1, 21), (10, 29), (8, 16), (1, 28), (11, 42), (0, 1), (10, 44), (11, 24), (0, 38), (2, 37), (10, 26), (11, 11), (11, 22), (11, 44), (8, 23), (1, 26), (8, 30), (0, 25), (0, 21), (11, 14), (9, 3), (9, 19), (1, 31), (2, 20), (2, 30), (8, 33), (10, 45), (4, 11), (9, 16), (9, 28), (0, 18), (9, 39), (6, 42), (9, 44), (0, 7), (11, 41), (9, 13), (9, 14), (1, 4), (9, 50), (11, 29), (8, 45)]
89464-INFO-2019-08-24 16:26:38,108- Compressions Number for ONLY the layer 42: New Memory: 0.13552093505859375, Original Memory: 1.125, Ratio Original/new: 8.301300456004054
89464-INFO-2019-08-24 16:26:38,108-****** Compressing 48 *********
89464-INFO-2019-08-24 16:26:38,108-CONVOLUTION-- Using Conversion Type: Toeplitz ,Order By Central Tendency:mean Conversion with ratio: 0.5 
89464-INFO-2019-08-24 16:26:38,272-CONVOLUTION--Number of uncompressed blocks: 38, Number of compressed blocks: 574
89464-INFO-2019-08-24 16:26:38,272-CONVOLUTION--Uncompressed blocks: [(7, 48), (7, 3), (5, 39), (5, 9), (6, 50), (7, 39), (6, 26), (6, 21), (5, 26), (7, 31), (7, 1), (5, 21), (5, 8), (4, 17), (7, 43), (5, 22), (5, 31), (6, 41), (6, 13), (5, 17), (7, 27), (6, 31), (7, 26), (6, 27), (7, 17)], Compressed blocks: [(2, 29), (8, 25), (10, 48), (3, 8), (8, 41), (2, 40), (1, 46), (1, 36), (1, 10), (0, 10), (0, 2), (10, 16), (10, 39), (9, 21), (1, 14), (11, 4), (10, 41), (3, 1), (3, 16), (2, 10), (10, 0), (4, 24), (9, 42), (0, 27), (3, 36), (0, 50), (2, 18), (0, 26), (0, 49), (10, 18), (8, 18), (1, 1), (1, 30), (10, 50), (1, 50), (11, 45), (1, 26), (11, 6), (1, 32), (0, 12), (3, 17), (0, 45), (11, 19), (10, 7), (2, 33), (9, 2), (10, 19), (11, 12), (9, 6), (0, 40)]
89464-INFO-2019-08-24 16:26:38,273- Compressions Number for ONLY the layer 48: New Memory: 0.13552093505859375, Original Memory: 1.125, Ratio Original/new: 8.301300456004054
89464-INFO-2019-08-24 16:26:38,273-Total Compression inclusive of all Layers that you have selected
89464-INFO-2019-08-24 16:26:38,273-Total new space: 0.3486671447753906, Total old space 2.8828125, Total Ratio: 8.268093346899924
89464-INFO-2019-08-24 16:26:39,947-CONVOLUTION--Loss: 1.9880983409881592,Accuracy= 0.36390000581741333
89464-INFO-2019-08-24 16:26:39,948-CONVOLUTION --COMPRESSION NUMBER: 5
89464-INFO-2019-08-24 16:26:39,948-****** Compressing 30 *********
89464-INFO-2019-08-24 16:26:39,948-CONVOLUTION-- Using Conversion Type: Toeplitz ,Order By Central Tendency:mean Conversion with ratio: 0.5 
89464-INFO-2019-08-24 16:26:40,000-CONVOLUTION--Number of uncompressed blocks: 10, Number of compressed blocks: 332
89464-INFO-2019-08-24 16:26:40,000-CONVOLUTION--Uncompressed blocks: [(4, 8), (5, 28), (4, 7), (4, 30), (3, 17), (3, 15), (3, 14), (4, 14), (3, 36), (4, 36)], Compressed blocks: [(2, 15), (7, 30), (6, 24), (8, 23), (0, 1), (0, 17), (2, 14), (8, 4), (7, 24), (3, 26), (5, 31), (1, 1), (0, 18), (1, 0), (2, 2), (1, 23), (2, 28), (1, 37), (1, 24), (5, 15), (7, 17), (1, 22), (2, 18), (2, 5), (7, 21), (7, 2), (0, 32), (6, 4), (2, 3), (8, 26), (2, 12), (0, 10), (8, 14), (7, 4), (6, 37), (1, 11), (1, 8), (2, 13), (6, 19), (8, 36), (5, 17), (5, 24), (1, 5), (1, 31), (7, 3), (0, 15), (0, 13), (1, 32), (7, 20), (7, 25)]
89464-INFO-2019-08-24 16:26:40,000- Compressions Number for ONLY the layer 30: New Memory: 0.0694427490234375, Original Memory: 0.6328125, Ratio Original/new: 9.112722478576137
89464-INFO-2019-08-24 16:26:40,000-****** Compressing 42 *********
89464-INFO-2019-08-24 16:26:40,001-CONVOLUTION-- Using Conversion Type: Toeplitz ,Order By Central Tendency:mean Conversion with ratio: 0.5 
89464-INFO-2019-08-24 16:26:40,089-CONVOLUTION--Number of uncompressed blocks: 19, Number of compressed blocks: 593
89464-INFO-2019-08-24 16:26:40,089-CONVOLUTION--Uncompressed blocks: [(5, 39), (5, 35), (7, 22), (7, 38), (7, 29), (6, 29), (7, 24), (5, 24), (5, 7), (7, 13), (7, 43), (8, 12), (7, 34), (5, 47), (5, 44), (5, 27), (5, 41), (5, 31), (7, 7)], Compressed blocks: [(0, 46), (11, 21), (3, 15), (9, 40), (3, 0), (10, 16), (3, 40), (11, 10), (1, 21), (10, 29), (8, 16), (1, 28), (11, 42), (0, 1), (10, 44), (11, 24), (0, 38), (2, 37), (10, 26), (11, 11), (11, 22), (11, 44), (8, 23), (1, 26), (8, 30), (0, 25), (0, 21), (11, 14), (9, 3), (9, 19), (1, 31), (2, 20), (2, 30), (8, 33), (10, 45), (4, 11), (9, 16), (9, 28), (0, 18), (9, 39), (6, 42), (9, 44), (0, 7), (11, 41), (9, 13), (9, 14), (1, 4), (9, 50), (11, 29), (8, 45)]
89464-INFO-2019-08-24 16:26:40,089- Compressions Number for ONLY the layer 42: New Memory: 0.12138748168945312, Original Memory: 1.125, Ratio Original/new: 9.267841991137928
89464-INFO-2019-08-24 16:26:40,089-****** Compressing 48 *********
89464-INFO-2019-08-24 16:26:40,089-CONVOLUTION-- Using Conversion Type: Toeplitz ,Order By Central Tendency:mean Conversion with ratio: 0.5 
89464-INFO-2019-08-24 16:26:40,178-CONVOLUTION--Number of uncompressed blocks: 19, Number of compressed blocks: 593
89464-INFO-2019-08-24 16:26:40,179-CONVOLUTION--Uncompressed blocks: [(6, 26), (6, 21), (5, 26), (7, 31), (7, 1), (5, 21), (5, 8), (4, 17), (7, 43), (5, 22), (5, 31), (6, 41), (6, 13), (5, 17), (7, 27), (6, 31), (7, 26), (6, 27), (7, 17)], Compressed blocks: [(2, 29), (8, 25), (10, 48), (3, 8), (8, 41), (2, 40), (1, 46), (1, 36), (1, 10), (0, 10), (0, 2), (10, 16), (10, 39), (9, 21), (1, 14), (11, 4), (10, 41), (3, 1), (3, 16), (2, 10), (10, 0), (4, 24), (9, 42), (0, 27), (3, 36), (0, 50), (2, 18), (0, 26), (0, 49), (10, 18), (8, 18), (1, 1), (1, 30), (10, 50), (1, 50), (11, 45), (1, 26), (11, 6), (1, 32), (0, 12), (3, 17), (0, 45), (11, 19), (10, 7), (2, 33), (9, 2), (10, 19), (11, 12), (9, 6), (0, 40)]
89464-INFO-2019-08-24 16:26:40,179- Compressions Number for ONLY the layer 48: New Memory: 0.12138748168945312, Original Memory: 1.125, Ratio Original/new: 9.267841991137928
89464-INFO-2019-08-24 16:26:40,179-Total Compression inclusive of all Layers that you have selected
89464-INFO-2019-08-24 16:26:40,179-Total new space: 0.31221771240234375, Total old space 2.8828125, Total Ratio: 9.23334066417418
89464-INFO-2019-08-24 16:26:41,771-CONVOLUTION--Loss: 2.027145135498047,Accuracy= 0.3596999943256378
89464-INFO-2019-08-24 16:26:41,771-CONVOLUTION --COMPRESSION NUMBER: 6
89464-INFO-2019-08-24 16:26:41,771-****** Compressing 30 *********
89464-INFO-2019-08-24 16:26:41,771-CONVOLUTION-- Using Conversion Type: Toeplitz ,Order By Central Tendency:mean Conversion with ratio: 0.5 
89464-INFO-2019-08-24 16:26:41,795-CONVOLUTION--Number of uncompressed blocks: 5, Number of compressed blocks: 337
89464-INFO-2019-08-24 16:26:41,796-CONVOLUTION--Uncompressed blocks: [(3, 15), (3, 14), (4, 14), (3, 36), (4, 36)], Compressed blocks: [(2, 15), (7, 30), (6, 24), (8, 23), (0, 1), (0, 17), (2, 14), (8, 4), (7, 24), (3, 26), (5, 31), (1, 1), (0, 18), (1, 0), (2, 2), (1, 23), (2, 28), (1, 37), (1, 24), (5, 15), (7, 17), (1, 22), (2, 18), (2, 5), (7, 21), (7, 2), (0, 32), (6, 4), (2, 3), (8, 26), (2, 12), (0, 10), (8, 14), (7, 4), (6, 37), (1, 11), (1, 8), (2, 13), (6, 19), (8, 36), (5, 17), (5, 24), (1, 5), (1, 31), (7, 3), (0, 15), (0, 13), (1, 32), (7, 20), (7, 25)]
89464-INFO-2019-08-24 16:26:41,796- Compressions Number for ONLY the layer 30: New Memory: 0.06572341918945312, Original Memory: 0.6328125, Ratio Original/new: 9.62841720355215
89464-INFO-2019-08-24 16:26:41,796-****** Compressing 42 *********
89464-INFO-2019-08-24 16:26:41,796-CONVOLUTION-- Using Conversion Type: Toeplitz ,Order By Central Tendency:mean Conversion with ratio: 0.5 
89464-INFO-2019-08-24 16:26:41,844-CONVOLUTION--Number of uncompressed blocks: 9, Number of compressed blocks: 603
89464-INFO-2019-08-24 16:26:41,844-CONVOLUTION--Uncompressed blocks: [(7, 43), (8, 12), (7, 34), (5, 47), (5, 44), (5, 27), (5, 41), (5, 31), (7, 7)], Compressed blocks: [(0, 46), (11, 21), (3, 15), (9, 40), (3, 0), (10, 16), (3, 40), (11, 10), (1, 21), (10, 29), (8, 16), (1, 28), (11, 42), (0, 1), (10, 44), (11, 24), (0, 38), (2, 37), (10, 26), (11, 11), (11, 22), (11, 44), (8, 23), (1, 26), (8, 30), (0, 25), (0, 21), (11, 14), (9, 3), (9, 19), (1, 31), (2, 20), (2, 30), (8, 33), (10, 45), (4, 11), (9, 16), (9, 28), (0, 18), (9, 39), (6, 42), (9, 44), (0, 7), (11, 41), (9, 13), (9, 14), (1, 4), (9, 50), (11, 29), (8, 45)]
89464-INFO-2019-08-24 16:26:41,844- Compressions Number for ONLY the layer 42: New Memory: 0.11394882202148438, Original Memory: 1.125, Ratio Original/new: 9.872853269056945
89464-INFO-2019-08-24 16:26:41,845-****** Compressing 48 *********
89464-INFO-2019-08-24 16:26:41,845-CONVOLUTION-- Using Conversion Type: Toeplitz ,Order By Central Tendency:mean Conversion with ratio: 0.5 
89464-INFO-2019-08-24 16:26:41,889-CONVOLUTION--Number of uncompressed blocks: 9, Number of compressed blocks: 603
89464-INFO-2019-08-24 16:26:41,890-CONVOLUTION--Uncompressed blocks: [(5, 31), (6, 41), (6, 13), (5, 17), (7, 27), (6, 31), (7, 26), (6, 27), (7, 17)], Compressed blocks: [(2, 29), (8, 25), (10, 48), (3, 8), (8, 41), (2, 40), (1, 46), (1, 36), (1, 10), (0, 10), (0, 2), (10, 16), (10, 39), (9, 21), (1, 14), (11, 4), (10, 41), (3, 1), (3, 16), (2, 10), (10, 0), (4, 24), (9, 42), (0, 27), (3, 36), (0, 50), (2, 18), (0, 26), (0, 49), (10, 18), (8, 18), (1, 1), (1, 30), (10, 50), (1, 50), (11, 45), (1, 26), (11, 6), (1, 32), (0, 12), (3, 17), (0, 45), (11, 19), (10, 7), (2, 33), (9, 2), (10, 19), (11, 12), (9, 6), (0, 40)]
89464-INFO-2019-08-24 16:26:41,890- Compressions Number for ONLY the layer 48: New Memory: 0.11394882202148438, Original Memory: 1.125, Ratio Original/new: 9.872853269056945
89464-INFO-2019-08-24 16:26:41,890-Total Compression inclusive of all Layers that you have selected
89464-INFO-2019-08-24 16:26:41,890-Total new space: 0.2936210632324219, Total old space 2.8828125, Total Ratio: 9.818139299216588
89464-INFO-2019-08-24 16:26:43,425-CONVOLUTION--Loss: 2.0502572662353518,Accuracy= 0.35569998621940613
