88473-INFO-2019-08-24 14:20:50,465-######## SQUEEZENET  WALTing Compression

88473-INFO-2019-08-24 14:20:50,465-squeezenet_cifar10_478129
88473-INFO-2019-08-24 14:20:54,049- USING ORDERBY_CALLBACK 
88473-INFO-2019-08-24 14:20:54,194- CONVOLUTION--INITIAL STATE OF PARAMETERS: Block Size: (15, 15) 
 Order : True  Order by metric : mean 
 Leniency: 0.05 
 Conversion Type: Toeplitz 
 Stepping_Ratio = 0.5 
 Absolute: True 
 
88473-INFO-2019-08-24 14:20:57,236-CONVOLUTION --COMPRESSION NUMBER: 1
88473-INFO-2019-08-24 14:20:57,237-****** Compressing 30 *********
88473-INFO-2019-08-24 14:20:57,237-CONVOLUTION-- Using Conversion Type: Toeplitz ,Order By Central Tendency:mean Conversion with ratio: 0.5 
88473-INFO-2019-08-24 14:20:58,326-CONVOLUTION--Number of uncompressed blocks: 171, Number of compressed blocks: 171
88473-INFO-2019-08-24 14:20:58,326-CONVOLUTION--Uncompressed blocks: [(5, 20), (6, 30), (8, 3), (3, 6), (0, 7), (2, 31), (4, 6), (5, 6), (6, 2), (2, 27), (2, 26), (6, 35), (2, 23), (5, 1), (7, 9), (4, 18), (1, 18), (1, 25), (4, 22), (5, 36), (6, 32), (6, 26), (6, 31), (8, 8), (7, 7), (3, 27), (6, 27), (5, 18), (6, 16), (6, 36), (7, 35), (7, 6), (0, 30), (4, 4), (0, 5), (7, 29), (4, 10), (6, 1), (4, 16), (5, 16), (0, 11), (7, 33), (0, 26), (3, 11), (6, 17), (1, 3), (2, 10), (0, 12), (4, 5), (7, 14)], Compressed blocks: [(2, 15), (7, 30), (6, 24), (8, 23), (0, 1), (0, 17), (2, 14), (8, 4), (7, 24), (3, 26), (5, 31), (1, 1), (0, 18), (1, 0), (2, 2), (1, 23), (2, 28), (1, 37), (1, 24), (5, 15), (7, 17), (1, 22), (2, 18), (2, 5), (7, 21), (7, 2), (0, 32), (6, 4), (2, 3), (8, 26), (2, 12), (0, 10), (8, 14), (7, 4), (6, 37), (1, 11), (1, 8), (2, 13), (6, 19), (8, 36), (5, 17), (5, 24), (1, 5), (1, 31), (7, 3), (0, 15), (0, 13), (1, 32), (7, 20), (7, 25)]
88473-INFO-2019-08-24 14:20:58,327-****** Compressing 42 *********
88473-INFO-2019-08-24 14:20:58,327-CONVOLUTION-- Using Conversion Type: Toeplitz ,Order By Central Tendency:mean Conversion with ratio: 0.5 
88473-INFO-2019-08-24 14:21:01,177-CONVOLUTION--Number of uncompressed blocks: 306, Number of compressed blocks: 306
88473-INFO-2019-08-24 14:21:01,177-CONVOLUTION--Uncompressed blocks: [(1, 38), (2, 44), (5, 37), (3, 38), (6, 3), (3, 16), (0, 26), (0, 15), (2, 48), (9, 24), (5, 2), (4, 42), (10, 22), (11, 19), (8, 26), (8, 42), (1, 22), (7, 32), (9, 6), (2, 21), (2, 10), (2, 33), (4, 44), (11, 13), (3, 30), (7, 45), (4, 5), (5, 36), (2, 22), (8, 11), (9, 17), (6, 38), (2, 49), (0, 4), (11, 17), (10, 40), (6, 48), (11, 35), (3, 22), (1, 49), (11, 48), (5, 25), (11, 38), (9, 23), (9, 35), (3, 9), (9, 29), (4, 3), (8, 29), (3, 48)], Compressed blocks: [(0, 46), (11, 21), (3, 15), (9, 40), (3, 0), (10, 16), (3, 40), (11, 10), (1, 21), (10, 29), (8, 16), (1, 28), (11, 42), (0, 1), (10, 44), (11, 24), (0, 38), (2, 37), (10, 26), (11, 11), (11, 22), (11, 44), (8, 23), (1, 26), (8, 30), (0, 25), (0, 21), (11, 14), (9, 3), (9, 19), (1, 31), (2, 20), (2, 30), (8, 33), (10, 45), (4, 11), (9, 16), (9, 28), (0, 18), (9, 39), (6, 42), (9, 44), (0, 7), (11, 41), (9, 13), (9, 14), (1, 4), (9, 50), (11, 29), (8, 45)]
88473-INFO-2019-08-24 14:21:01,177-****** Compressing 48 *********
88473-INFO-2019-08-24 14:21:01,177-CONVOLUTION-- Using Conversion Type: Toeplitz ,Order By Central Tendency:mean Conversion with ratio: 0.5 
88473-INFO-2019-08-24 14:21:03,377-CONVOLUTION--Number of uncompressed blocks: 306, Number of compressed blocks: 306
88473-INFO-2019-08-24 14:21:03,378-CONVOLUTION--Uncompressed blocks: [(9, 49), (10, 6), (4, 10), (11, 25), (3, 11), (11, 0), (2, 24), (5, 36), (8, 47), (0, 19), (11, 2), (11, 27), (9, 23), (3, 33), (10, 42), (0, 28), (11, 48), (6, 35), (10, 5), (1, 31), (1, 34), (4, 38), (3, 38), (4, 6), (2, 46), (7, 24), (9, 27), (5, 33), (10, 36), (0, 14), (6, 33), (0, 4), (4, 16), (0, 1), (10, 27), (9, 44), (1, 12), (8, 50), (4, 0), (0, 21), (2, 50), (11, 36), (4, 25), (2, 49), (4, 5), (1, 33), (11, 42), (3, 42), (11, 13), (2, 21)], Compressed blocks: [(2, 29), (8, 25), (10, 48), (3, 8), (8, 41), (2, 40), (1, 46), (1, 36), (1, 10), (0, 10), (0, 2), (10, 16), (10, 39), (9, 21), (1, 14), (11, 4), (10, 41), (3, 1), (3, 16), (2, 10), (10, 0), (4, 24), (9, 42), (0, 27), (3, 36), (0, 50), (2, 18), (0, 26), (0, 49), (10, 18), (8, 18), (1, 1), (1, 30), (10, 50), (1, 50), (11, 45), (1, 26), (11, 6), (1, 32), (0, 12), (3, 17), (0, 45), (11, 19), (10, 7), (2, 33), (9, 2), (10, 19), (11, 12), (9, 6), (0, 40)]
88473-INFO-2019-08-24 14:21:05,993-CONVOLUTION--Loss: 1.8207545154571534,Accuracy= 0.37709999084472656
88473-INFO-2019-08-24 14:21:05,993-CONVOLUTION --COMPRESSION NUMBER: 2
88473-INFO-2019-08-24 14:21:05,993-****** Compressing 30 *********
88473-INFO-2019-08-24 14:21:05,993-CONVOLUTION-- Using Conversion Type: Toeplitz ,Order By Central Tendency:mean Conversion with ratio: 0.5 
88473-INFO-2019-08-24 14:21:06,397-CONVOLUTION--Number of uncompressed blocks: 85, Number of compressed blocks: 257
88473-INFO-2019-08-24 14:21:06,397-CONVOLUTION--Uncompressed blocks: [(3, 33), (1, 10), (0, 23), (6, 12), (1, 14), (7, 23), (3, 5), (3, 35), (6, 9), (6, 0), (0, 37), (4, 3), (1, 29), (6, 25), (4, 24), (1, 19), (7, 22), (6, 28), (2, 34), (4, 28), (5, 12), (8, 37), (4, 17), (4, 31), (3, 24), (1, 27), (5, 26), (8, 28), (3, 31), (0, 34), (4, 0), (8, 33), (5, 3), (5, 30), (5, 22), (6, 21), (4, 13), (6, 7), (6, 8), (3, 16), (3, 23), (3, 22), (4, 32), (7, 36), (4, 12), (1, 26), (4, 37), (7, 15), (5, 33), (4, 33)], Compressed blocks: [(2, 15), (7, 30), (6, 24), (8, 23), (0, 1), (0, 17), (2, 14), (8, 4), (7, 24), (3, 26), (5, 31), (1, 1), (0, 18), (1, 0), (2, 2), (1, 23), (2, 28), (1, 37), (1, 24), (5, 15), (7, 17), (1, 22), (2, 18), (2, 5), (7, 21), (7, 2), (0, 32), (6, 4), (2, 3), (8, 26), (2, 12), (0, 10), (8, 14), (7, 4), (6, 37), (1, 11), (1, 8), (2, 13), (6, 19), (8, 36), (5, 17), (5, 24), (1, 5), (1, 31), (7, 3), (0, 15), (0, 13), (1, 32), (7, 20), (7, 25)]
88473-INFO-2019-08-24 14:21:06,397-****** Compressing 42 *********
88473-INFO-2019-08-24 14:21:06,397-CONVOLUTION-- Using Conversion Type: Toeplitz ,Order By Central Tendency:mean Conversion with ratio: 0.5 
88473-INFO-2019-08-24 14:21:07,500-CONVOLUTION--Number of uncompressed blocks: 153, Number of compressed blocks: 459
88473-INFO-2019-08-24 14:21:07,501-CONVOLUTION--Uncompressed blocks: [(4, 26), (2, 40), (9, 30), (6, 20), (8, 22), (3, 19), (7, 11), (6, 27), (2, 27), (6, 49), (2, 25), (1, 16), (10, 0), (4, 27), (7, 35), (6, 46), (0, 0), (4, 48), (8, 21), (7, 21), (7, 36), (5, 42), (9, 7), (4, 33), (7, 41), (6, 13), (10, 19), (6, 23), (8, 31), (11, 26), (0, 37), (4, 28), (4, 29), (5, 20), (6, 43), (1, 43), (4, 14), (0, 27), (5, 3), (5, 13), (5, 21), (5, 4), (7, 2), (7, 47), (11, 37), (3, 42), (3, 8), (6, 34), (5, 15), (2, 26)], Compressed blocks: [(0, 46), (11, 21), (3, 15), (9, 40), (3, 0), (10, 16), (3, 40), (11, 10), (1, 21), (10, 29), (8, 16), (1, 28), (11, 42), (0, 1), (10, 44), (11, 24), (0, 38), (2, 37), (10, 26), (11, 11), (11, 22), (11, 44), (8, 23), (1, 26), (8, 30), (0, 25), (0, 21), (11, 14), (9, 3), (9, 19), (1, 31), (2, 20), (2, 30), (8, 33), (10, 45), (4, 11), (9, 16), (9, 28), (0, 18), (9, 39), (6, 42), (9, 44), (0, 7), (11, 41), (9, 13), (9, 14), (1, 4), (9, 50), (11, 29), (8, 45)]
88473-INFO-2019-08-24 14:21:07,501-****** Compressing 48 *********
88473-INFO-2019-08-24 14:21:07,501-CONVOLUTION-- Using Conversion Type: Toeplitz ,Order By Central Tendency:mean Conversion with ratio: 0.5 
88473-INFO-2019-08-24 14:21:08,223-CONVOLUTION--Number of uncompressed blocks: 153, Number of compressed blocks: 459
88473-INFO-2019-08-24 14:21:08,223-CONVOLUTION--Uncompressed blocks: [(7, 41), (7, 4), (1, 3), (1, 37), (7, 18), (4, 30), (6, 16), (2, 4), (0, 43), (4, 22), (7, 12), (8, 9), (3, 35), (6, 28), (0, 17), (5, 34), (7, 5), (5, 7), (5, 20), (5, 12), (4, 47), (4, 31), (7, 38), (1, 38), (0, 47), (6, 43), (5, 46), (6, 20), (9, 45), (2, 48), (4, 39), (6, 2), (7, 15), (7, 6), (5, 2), (6, 15), (7, 20), (6, 14), (7, 44), (4, 43), (7, 40), (4, 40), (7, 13), (4, 15), (4, 11), (11, 23), (8, 48), (6, 44), (7, 46), (4, 44)], Compressed blocks: [(2, 29), (8, 25), (10, 48), (3, 8), (8, 41), (2, 40), (1, 46), (1, 36), (1, 10), (0, 10), (0, 2), (10, 16), (10, 39), (9, 21), (1, 14), (11, 4), (10, 41), (3, 1), (3, 16), (2, 10), (10, 0), (4, 24), (9, 42), (0, 27), (3, 36), (0, 50), (2, 18), (0, 26), (0, 49), (10, 18), (8, 18), (1, 1), (1, 30), (10, 50), (1, 50), (11, 45), (1, 26), (11, 6), (1, 32), (0, 12), (3, 17), (0, 45), (11, 19), (10, 7), (2, 33), (9, 2), (10, 19), (11, 12), (9, 6), (0, 40)]
88473-INFO-2019-08-24 14:21:10,145-CONVOLUTION--Loss: 1.8607564052581786,Accuracy= 0.3756999969482422
88473-INFO-2019-08-24 14:21:10,145-CONVOLUTION --COMPRESSION NUMBER: 3
88473-INFO-2019-08-24 14:21:10,145-****** Compressing 30 *********
88473-INFO-2019-08-24 14:21:10,145-CONVOLUTION-- Using Conversion Type: Toeplitz ,Order By Central Tendency:mean Conversion with ratio: 0.5 
88473-INFO-2019-08-24 14:21:10,353-CONVOLUTION--Number of uncompressed blocks: 42, Number of compressed blocks: 300
88473-INFO-2019-08-24 14:21:10,353-CONVOLUTION--Uncompressed blocks: [(7, 36), (4, 12), (1, 26), (4, 37), (7, 15), (5, 33), (4, 33), (3, 19), (3, 8), (4, 21), (3, 4), (4, 23), (1, 4), (5, 23), (4, 9), (5, 9), (5, 13), (5, 5), (5, 37), (5, 21), (4, 29), (3, 3), (5, 29), (5, 14), (4, 34), (5, 2), (3, 28), (3, 25), (3, 12), (4, 25), (4, 35), (3, 30), (4, 8), (5, 28), (4, 7), (4, 30), (3, 17), (3, 15), (3, 14), (4, 14), (3, 36), (4, 36)], Compressed blocks: [(2, 15), (7, 30), (6, 24), (8, 23), (0, 1), (0, 17), (2, 14), (8, 4), (7, 24), (3, 26), (5, 31), (1, 1), (0, 18), (1, 0), (2, 2), (1, 23), (2, 28), (1, 37), (1, 24), (5, 15), (7, 17), (1, 22), (2, 18), (2, 5), (7, 21), (7, 2), (0, 32), (6, 4), (2, 3), (8, 26), (2, 12), (0, 10), (8, 14), (7, 4), (6, 37), (1, 11), (1, 8), (2, 13), (6, 19), (8, 36), (5, 17), (5, 24), (1, 5), (1, 31), (7, 3), (0, 15), (0, 13), (1, 32), (7, 20), (7, 25)]
88473-INFO-2019-08-24 14:21:10,354-****** Compressing 42 *********
88473-INFO-2019-08-24 14:21:10,354-CONVOLUTION-- Using Conversion Type: Toeplitz ,Order By Central Tendency:mean Conversion with ratio: 0.5 
88473-INFO-2019-08-24 14:21:10,712-CONVOLUTION--Number of uncompressed blocks: 76, Number of compressed blocks: 536
88473-INFO-2019-08-24 14:21:10,712-CONVOLUTION--Uncompressed blocks: [(7, 40), (9, 48), (5, 10), (2, 38), (10, 28), (4, 46), (6, 8), (1, 0), (3, 23), (6, 24), (6, 18), (9, 25), (6, 47), (0, 45), (6, 21), (9, 21), (7, 10), (7, 14), (9, 45), (4, 24), (5, 48), (7, 12), (6, 44), (8, 44), (7, 8), (7, 31), (3, 37), (5, 11), (6, 31), (6, 5), (6, 9), (6, 39), (7, 50), (7, 46), (8, 41), (7, 44), (7, 33), (5, 23), (7, 39), (5, 29), (2, 18), (0, 40), (4, 18), (5, 19), (6, 35), (6, 11), (4, 22), (4, 31), (5, 0), (6, 16)], Compressed blocks: [(0, 46), (11, 21), (3, 15), (9, 40), (3, 0), (10, 16), (3, 40), (11, 10), (1, 21), (10, 29), (8, 16), (1, 28), (11, 42), (0, 1), (10, 44), (11, 24), (0, 38), (2, 37), (10, 26), (11, 11), (11, 22), (11, 44), (8, 23), (1, 26), (8, 30), (0, 25), (0, 21), (11, 14), (9, 3), (9, 19), (1, 31), (2, 20), (2, 30), (8, 33), (10, 45), (4, 11), (9, 16), (9, 28), (0, 18), (9, 39), (6, 42), (9, 44), (0, 7), (11, 41), (9, 13), (9, 14), (1, 4), (9, 50), (11, 29), (8, 45)]
88473-INFO-2019-08-24 14:21:10,713-****** Compressing 48 *********
88473-INFO-2019-08-24 14:21:10,713-CONVOLUTION-- Using Conversion Type: Toeplitz ,Order By Central Tendency:mean Conversion with ratio: 0.5 
88473-INFO-2019-08-24 14:21:11,069-CONVOLUTION--Number of uncompressed blocks: 76, Number of compressed blocks: 536
88473-INFO-2019-08-24 14:21:11,069-CONVOLUTION--Uncompressed blocks: [(5, 41), (6, 19), (8, 42), (7, 10), (2, 7), (5, 27), (6, 47), (4, 3), (8, 31), (6, 3), (6, 25), (5, 43), (8, 27), (6, 46), (5, 23), (11, 16), (3, 29), (6, 7), (6, 42), (7, 19), (8, 39), (6, 12), (6, 49), (5, 42), (5, 3), (7, 47), (7, 50), (7, 7), (7, 25), (7, 45), (6, 5), (7, 35), (7, 36), (7, 9), (8, 26), (8, 22), (6, 6), (6, 24), (6, 32), (6, 8), (5, 24), (5, 49), (6, 48), (6, 40), (4, 21), (5, 13), (5, 32), (6, 22), (6, 23), (7, 21)], Compressed blocks: [(2, 29), (8, 25), (10, 48), (3, 8), (8, 41), (2, 40), (1, 46), (1, 36), (1, 10), (0, 10), (0, 2), (10, 16), (10, 39), (9, 21), (1, 14), (11, 4), (10, 41), (3, 1), (3, 16), (2, 10), (10, 0), (4, 24), (9, 42), (0, 27), (3, 36), (0, 50), (2, 18), (0, 26), (0, 49), (10, 18), (8, 18), (1, 1), (1, 30), (10, 50), (1, 50), (11, 45), (1, 26), (11, 6), (1, 32), (0, 12), (3, 17), (0, 45), (11, 19), (10, 7), (2, 33), (9, 2), (10, 19), (11, 12), (9, 6), (0, 40)]
88473-INFO-2019-08-24 14:21:12,852-CONVOLUTION--Loss: 1.9358946739196778,Accuracy= 0.36910000443458557
88473-INFO-2019-08-24 14:21:12,852-CONVOLUTION --COMPRESSION NUMBER: 4
88473-INFO-2019-08-24 14:21:12,852-****** Compressing 30 *********
88473-INFO-2019-08-24 14:21:12,852-CONVOLUTION-- Using Conversion Type: Toeplitz ,Order By Central Tendency:mean Conversion with ratio: 0.5 
88473-INFO-2019-08-24 14:21:12,946-CONVOLUTION--Number of uncompressed blocks: 21, Number of compressed blocks: 321
88473-INFO-2019-08-24 14:21:12,946-CONVOLUTION--Uncompressed blocks: [(3, 3), (5, 29), (5, 14), (4, 34), (5, 2), (3, 28), (3, 25), (3, 12), (4, 25), (4, 35), (3, 30), (4, 8), (5, 28), (4, 7), (4, 30), (3, 17), (3, 15), (3, 14), (4, 14), (3, 36), (4, 36)], Compressed blocks: [(2, 15), (7, 30), (6, 24), (8, 23), (0, 1), (0, 17), (2, 14), (8, 4), (7, 24), (3, 26), (5, 31), (1, 1), (0, 18), (1, 0), (2, 2), (1, 23), (2, 28), (1, 37), (1, 24), (5, 15), (7, 17), (1, 22), (2, 18), (2, 5), (7, 21), (7, 2), (0, 32), (6, 4), (2, 3), (8, 26), (2, 12), (0, 10), (8, 14), (7, 4), (6, 37), (1, 11), (1, 8), (2, 13), (6, 19), (8, 36), (5, 17), (5, 24), (1, 5), (1, 31), (7, 3), (0, 15), (0, 13), (1, 32), (7, 20), (7, 25)]
88473-INFO-2019-08-24 14:21:12,946-****** Compressing 42 *********
88473-INFO-2019-08-24 14:21:12,946-CONVOLUTION-- Using Conversion Type: Toeplitz ,Order By Central Tendency:mean Conversion with ratio: 0.5 
88473-INFO-2019-08-24 14:21:13,143-CONVOLUTION--Number of uncompressed blocks: 38, Number of compressed blocks: 574
88473-INFO-2019-08-24 14:21:13,143-CONVOLUTION--Uncompressed blocks: [(7, 39), (5, 29), (2, 18), (0, 40), (4, 18), (5, 19), (6, 35), (6, 11), (4, 22), (4, 31), (5, 0), (6, 16), (6, 7), (6, 40), (6, 12), (5, 32), (5, 49), (4, 10), (7, 23), (5, 39), (5, 35), (7, 22), (7, 38), (7, 29), (6, 29), (7, 24), (5, 24), (5, 7), (7, 13), (7, 43), (8, 12), (7, 34), (5, 47), (5, 44), (5, 27), (5, 41), (5, 31), (7, 7)], Compressed blocks: [(0, 46), (11, 21), (3, 15), (9, 40), (3, 0), (10, 16), (3, 40), (11, 10), (1, 21), (10, 29), (8, 16), (1, 28), (11, 42), (0, 1), (10, 44), (11, 24), (0, 38), (2, 37), (10, 26), (11, 11), (11, 22), (11, 44), (8, 23), (1, 26), (8, 30), (0, 25), (0, 21), (11, 14), (9, 3), (9, 19), (1, 31), (2, 20), (2, 30), (8, 33), (10, 45), (4, 11), (9, 16), (9, 28), (0, 18), (9, 39), (6, 42), (9, 44), (0, 7), (11, 41), (9, 13), (9, 14), (1, 4), (9, 50), (11, 29), (8, 45)]
88473-INFO-2019-08-24 14:21:13,144-****** Compressing 48 *********
88473-INFO-2019-08-24 14:21:13,144-CONVOLUTION-- Using Conversion Type: Toeplitz ,Order By Central Tendency:mean Conversion with ratio: 0.5 
88473-INFO-2019-08-24 14:21:13,336-CONVOLUTION--Number of uncompressed blocks: 38, Number of compressed blocks: 574
88473-INFO-2019-08-24 14:21:13,337-CONVOLUTION--Uncompressed blocks: [(6, 32), (6, 8), (5, 24), (5, 49), (6, 48), (6, 40), (4, 21), (5, 13), (5, 32), (6, 22), (6, 23), (7, 21), (6, 17), (7, 48), (7, 3), (5, 39), (5, 9), (6, 50), (7, 39), (6, 26), (6, 21), (5, 26), (7, 31), (7, 1), (5, 21), (5, 8), (4, 17), (7, 43), (5, 22), (5, 31), (6, 41), (6, 13), (5, 17), (7, 27), (6, 31), (7, 26), (6, 27), (7, 17)], Compressed blocks: [(2, 29), (8, 25), (10, 48), (3, 8), (8, 41), (2, 40), (1, 46), (1, 36), (1, 10), (0, 10), (0, 2), (10, 16), (10, 39), (9, 21), (1, 14), (11, 4), (10, 41), (3, 1), (3, 16), (2, 10), (10, 0), (4, 24), (9, 42), (0, 27), (3, 36), (0, 50), (2, 18), (0, 26), (0, 49), (10, 18), (8, 18), (1, 1), (1, 30), (10, 50), (1, 50), (11, 45), (1, 26), (11, 6), (1, 32), (0, 12), (3, 17), (0, 45), (11, 19), (10, 7), (2, 33), (9, 2), (10, 19), (11, 12), (9, 6), (0, 40)]
88473-INFO-2019-08-24 14:21:15,630-CONVOLUTION--Loss: 1.9880983409881592,Accuracy= 0.36390000581741333
88473-INFO-2019-08-24 14:21:15,630-CONVOLUTION --COMPRESSION NUMBER: 5
88473-INFO-2019-08-24 14:21:15,630-****** Compressing 30 *********
88473-INFO-2019-08-24 14:21:15,631-CONVOLUTION-- Using Conversion Type: Toeplitz ,Order By Central Tendency:mean Conversion with ratio: 0.5 
88473-INFO-2019-08-24 14:21:15,692-CONVOLUTION--Number of uncompressed blocks: 10, Number of compressed blocks: 332
88473-INFO-2019-08-24 14:21:15,692-CONVOLUTION--Uncompressed blocks: [(4, 8), (5, 28), (4, 7), (4, 30), (3, 17), (3, 15), (3, 14), (4, 14), (3, 36), (4, 36)], Compressed blocks: [(2, 15), (7, 30), (6, 24), (8, 23), (0, 1), (0, 17), (2, 14), (8, 4), (7, 24), (3, 26), (5, 31), (1, 1), (0, 18), (1, 0), (2, 2), (1, 23), (2, 28), (1, 37), (1, 24), (5, 15), (7, 17), (1, 22), (2, 18), (2, 5), (7, 21), (7, 2), (0, 32), (6, 4), (2, 3), (8, 26), (2, 12), (0, 10), (8, 14), (7, 4), (6, 37), (1, 11), (1, 8), (2, 13), (6, 19), (8, 36), (5, 17), (5, 24), (1, 5), (1, 31), (7, 3), (0, 15), (0, 13), (1, 32), (7, 20), (7, 25)]
88473-INFO-2019-08-24 14:21:15,692-****** Compressing 42 *********
88473-INFO-2019-08-24 14:21:15,692-CONVOLUTION-- Using Conversion Type: Toeplitz ,Order By Central Tendency:mean Conversion with ratio: 0.5 
88473-INFO-2019-08-24 14:21:15,790-CONVOLUTION--Number of uncompressed blocks: 19, Number of compressed blocks: 593
88473-INFO-2019-08-24 14:21:15,790-CONVOLUTION--Uncompressed blocks: [(5, 39), (5, 35), (7, 22), (7, 38), (7, 29), (6, 29), (7, 24), (5, 24), (5, 7), (7, 13), (7, 43), (8, 12), (7, 34), (5, 47), (5, 44), (5, 27), (5, 41), (5, 31), (7, 7)], Compressed blocks: [(0, 46), (11, 21), (3, 15), (9, 40), (3, 0), (10, 16), (3, 40), (11, 10), (1, 21), (10, 29), (8, 16), (1, 28), (11, 42), (0, 1), (10, 44), (11, 24), (0, 38), (2, 37), (10, 26), (11, 11), (11, 22), (11, 44), (8, 23), (1, 26), (8, 30), (0, 25), (0, 21), (11, 14), (9, 3), (9, 19), (1, 31), (2, 20), (2, 30), (8, 33), (10, 45), (4, 11), (9, 16), (9, 28), (0, 18), (9, 39), (6, 42), (9, 44), (0, 7), (11, 41), (9, 13), (9, 14), (1, 4), (9, 50), (11, 29), (8, 45)]
88473-INFO-2019-08-24 14:21:15,791-****** Compressing 48 *********
88473-INFO-2019-08-24 14:21:15,791-CONVOLUTION-- Using Conversion Type: Toeplitz ,Order By Central Tendency:mean Conversion with ratio: 0.5 
88473-INFO-2019-08-24 14:21:15,901-CONVOLUTION--Number of uncompressed blocks: 19, Number of compressed blocks: 593
88473-INFO-2019-08-24 14:21:15,902-CONVOLUTION--Uncompressed blocks: [(6, 26), (6, 21), (5, 26), (7, 31), (7, 1), (5, 21), (5, 8), (4, 17), (7, 43), (5, 22), (5, 31), (6, 41), (6, 13), (5, 17), (7, 27), (6, 31), (7, 26), (6, 27), (7, 17)], Compressed blocks: [(2, 29), (8, 25), (10, 48), (3, 8), (8, 41), (2, 40), (1, 46), (1, 36), (1, 10), (0, 10), (0, 2), (10, 16), (10, 39), (9, 21), (1, 14), (11, 4), (10, 41), (3, 1), (3, 16), (2, 10), (10, 0), (4, 24), (9, 42), (0, 27), (3, 36), (0, 50), (2, 18), (0, 26), (0, 49), (10, 18), (8, 18), (1, 1), (1, 30), (10, 50), (1, 50), (11, 45), (1, 26), (11, 6), (1, 32), (0, 12), (3, 17), (0, 45), (11, 19), (10, 7), (2, 33), (9, 2), (10, 19), (11, 12), (9, 6), (0, 40)]
88473-INFO-2019-08-24 14:21:18,705-CONVOLUTION--Loss: 2.027145135498047,Accuracy= 0.3596999943256378
88473-INFO-2019-08-24 14:21:18,706-CONVOLUTION --COMPRESSION NUMBER: 6
88473-INFO-2019-08-24 14:21:18,706-****** Compressing 30 *********
88473-INFO-2019-08-24 14:21:18,706-CONVOLUTION-- Using Conversion Type: Toeplitz ,Order By Central Tendency:mean Conversion with ratio: 0.5 
88473-INFO-2019-08-24 14:21:18,741-CONVOLUTION--Number of uncompressed blocks: 5, Number of compressed blocks: 337
88473-INFO-2019-08-24 14:21:18,742-CONVOLUTION--Uncompressed blocks: [(3, 15), (3, 14), (4, 14), (3, 36), (4, 36)], Compressed blocks: [(2, 15), (7, 30), (6, 24), (8, 23), (0, 1), (0, 17), (2, 14), (8, 4), (7, 24), (3, 26), (5, 31), (1, 1), (0, 18), (1, 0), (2, 2), (1, 23), (2, 28), (1, 37), (1, 24), (5, 15), (7, 17), (1, 22), (2, 18), (2, 5), (7, 21), (7, 2), (0, 32), (6, 4), (2, 3), (8, 26), (2, 12), (0, 10), (8, 14), (7, 4), (6, 37), (1, 11), (1, 8), (2, 13), (6, 19), (8, 36), (5, 17), (5, 24), (1, 5), (1, 31), (7, 3), (0, 15), (0, 13), (1, 32), (7, 20), (7, 25)]
88473-INFO-2019-08-24 14:21:18,742-****** Compressing 42 *********
88473-INFO-2019-08-24 14:21:18,742-CONVOLUTION-- Using Conversion Type: Toeplitz ,Order By Central Tendency:mean Conversion with ratio: 0.5 
88473-INFO-2019-08-24 14:21:18,807-CONVOLUTION--Number of uncompressed blocks: 9, Number of compressed blocks: 603
88473-INFO-2019-08-24 14:21:18,807-CONVOLUTION--Uncompressed blocks: [(7, 43), (8, 12), (7, 34), (5, 47), (5, 44), (5, 27), (5, 41), (5, 31), (7, 7)], Compressed blocks: [(0, 46), (11, 21), (3, 15), (9, 40), (3, 0), (10, 16), (3, 40), (11, 10), (1, 21), (10, 29), (8, 16), (1, 28), (11, 42), (0, 1), (10, 44), (11, 24), (0, 38), (2, 37), (10, 26), (11, 11), (11, 22), (11, 44), (8, 23), (1, 26), (8, 30), (0, 25), (0, 21), (11, 14), (9, 3), (9, 19), (1, 31), (2, 20), (2, 30), (8, 33), (10, 45), (4, 11), (9, 16), (9, 28), (0, 18), (9, 39), (6, 42), (9, 44), (0, 7), (11, 41), (9, 13), (9, 14), (1, 4), (9, 50), (11, 29), (8, 45)]
88473-INFO-2019-08-24 14:21:18,807-****** Compressing 48 *********
88473-INFO-2019-08-24 14:21:18,807-CONVOLUTION-- Using Conversion Type: Toeplitz ,Order By Central Tendency:mean Conversion with ratio: 0.5 
88473-INFO-2019-08-24 14:21:18,879-CONVOLUTION--Number of uncompressed blocks: 9, Number of compressed blocks: 603
88473-INFO-2019-08-24 14:21:18,880-CONVOLUTION--Uncompressed blocks: [(5, 31), (6, 41), (6, 13), (5, 17), (7, 27), (6, 31), (7, 26), (6, 27), (7, 17)], Compressed blocks: [(2, 29), (8, 25), (10, 48), (3, 8), (8, 41), (2, 40), (1, 46), (1, 36), (1, 10), (0, 10), (0, 2), (10, 16), (10, 39), (9, 21), (1, 14), (11, 4), (10, 41), (3, 1), (3, 16), (2, 10), (10, 0), (4, 24), (9, 42), (0, 27), (3, 36), (0, 50), (2, 18), (0, 26), (0, 49), (10, 18), (8, 18), (1, 1), (1, 30), (10, 50), (1, 50), (11, 45), (1, 26), (11, 6), (1, 32), (0, 12), (3, 17), (0, 45), (11, 19), (10, 7), (2, 33), (9, 2), (10, 19), (11, 12), (9, 6), (0, 40)]
88473-INFO-2019-08-24 14:21:21,482-CONVOLUTION--Loss: 2.0502572662353518,Accuracy= 0.35569998621940613
